                                                ____                 _ __          
                                               /  _/__  ___ ________(_) /  ___ ____
                                              _/ // _ \(_-</ __/ __/ / _ \/ -_) __/
                                             /___/_//_/___/\__/_/ /_/_.__/\__/_/   
                                          -------------------------------------------
-----------------------------------------|INFO LOG FILE OF 2021-01-18T17:46:11+00:00|------------------------------------------------
                                          -------------------------------------------
(January 18 2021, 5:46:11 pm)	[INFO]	Command afk was loaded.
(January 18 2021, 5:46:11 pm)	[INFO]	Command help was loaded.
(January 18 2021, 5:46:11 pm)	[INFO]	Command latency was loaded.
(January 18 2021, 5:46:11 pm)	[INFO]	Command background was loaded.
(January 18 2021, 5:46:11 pm)	[INFO]	Command birthday was loaded.
(January 18 2021, 5:46:11 pm)	[INFO]	Command description was loaded.
(January 18 2021, 5:46:11 pm)	[INFO]	Command profile was loaded.
(January 18 2021, 5:46:11 pm)	[INFO]	Command load was loaded.
(January 18 2021, 5:46:11 pm)	[INFO]	Command reload was loaded.
(January 18 2021, 5:46:11 pm)	[INFO]	Command unload was loaded.
(January 18 2021, 5:46:11 pm)	[INFO]	Command balance was loaded.
(January 18 2021, 5:46:11 pm)	[INFO]	Command daily was loaded.
(January 18 2021, 5:46:11 pm)	[INFO]	Command vote was loaded.
(January 18 2021, 5:46:11 pm)	[INFO]	Event ready was loaded.
(January 18 2021, 5:46:11 pm)	[INFO]	Event message was loaded.
(January 18 2021, 5:46:11 pm)	[INFO]	Loaded all files.
(January 18 2021, 5:46:12 pm)	[INFO]	Mika is ready.
(January 18 2021, 8:19:03 pm)	[INFO]	Command afk was loaded.
(January 18 2021, 8:19:03 pm)	[INFO]	Command help was loaded.
(January 18 2021, 8:19:03 pm)	[INFO]	Command latency was loaded.
(January 18 2021, 8:19:03 pm)	[INFO]	Command background was loaded.
(January 18 2021, 8:19:03 pm)	[INFO]	Command birthday was loaded.
(January 18 2021, 8:19:03 pm)	[INFO]	Command description was loaded.
(January 18 2021, 8:19:03 pm)	[INFO]	Command profile was loaded.
(January 18 2021, 8:19:03 pm)	[INFO]	Command load was loaded.
(January 18 2021, 8:19:03 pm)	[INFO]	Command reload was loaded.
(January 18 2021, 8:19:03 pm)	[INFO]	Command unload was loaded.
(January 18 2021, 8:19:03 pm)	[INFO]	Command balance was loaded.
(January 18 2021, 8:19:03 pm)	[INFO]	Command daily was loaded.
(January 18 2021, 8:19:03 pm)	[INFO]	Command vote was loaded.
(January 18 2021, 8:19:03 pm)	[INFO]	Event ready was loaded.
(January 18 2021, 8:19:03 pm)	[INFO]	Event message was loaded.
(January 18 2021, 8:19:03 pm)	[INFO]	Loaded all files.
(January 18 2021, 8:19:03 pm)	[INFO]	Mika is ready.
(January 18 2021, 8:20:11 pm)	[INFO]	Command afk was loaded.
(January 18 2021, 8:20:11 pm)	[INFO]	Command help was loaded.
(January 18 2021, 8:20:11 pm)	[INFO]	Command latency was loaded.
(January 18 2021, 8:20:11 pm)	[INFO]	Command background was loaded.
(January 18 2021, 8:20:11 pm)	[INFO]	Command birthday was loaded.
(January 18 2021, 8:20:11 pm)	[INFO]	Command description was loaded.
(January 18 2021, 8:20:11 pm)	[INFO]	Command profile was loaded.
(January 18 2021, 8:20:11 pm)	[INFO]	Command load was loaded.
(January 18 2021, 8:20:11 pm)	[INFO]	Command reload was loaded.
(January 18 2021, 8:20:11 pm)	[INFO]	Command unload was loaded.
(January 18 2021, 8:20:11 pm)	[INFO]	Command balance was loaded.
(January 18 2021, 8:20:11 pm)	[INFO]	Command daily was loaded.
(January 18 2021, 8:20:11 pm)	[INFO]	Command vote was loaded.
(January 18 2021, 8:20:11 pm)	[INFO]	Event ready was loaded.
(January 18 2021, 8:20:11 pm)	[INFO]	Event message was loaded.
(January 18 2021, 8:20:11 pm)	[INFO]	Loaded all files.
(January 18 2021, 8:20:11 pm)	[INFO]	Mika is ready.
(January 18 2021, 8:20:31 pm)	[INFO]	Command afk was loaded.
(January 18 2021, 8:20:31 pm)	[INFO]	Command help was loaded.
(January 18 2021, 8:20:31 pm)	[INFO]	Command latency was loaded.
(January 18 2021, 8:20:31 pm)	[INFO]	Command background was loaded.
(January 18 2021, 8:20:31 pm)	[INFO]	Command birthday was loaded.
(January 18 2021, 8:20:31 pm)	[INFO]	Command description was loaded.
(January 18 2021, 8:20:31 pm)	[INFO]	Command profile was loaded.
(January 18 2021, 8:20:31 pm)	[INFO]	Command load was loaded.
(January 18 2021, 8:20:31 pm)	[INFO]	Command reload was loaded.
(January 18 2021, 8:20:31 pm)	[INFO]	Command unload was loaded.
(January 18 2021, 8:20:31 pm)	[INFO]	Command balance was loaded.
(January 18 2021, 8:20:31 pm)	[INFO]	Command daily was loaded.
(January 18 2021, 8:20:31 pm)	[INFO]	Command vote was loaded.
(January 18 2021, 8:20:31 pm)	[INFO]	Event ready was loaded.
(January 18 2021, 8:20:31 pm)	[INFO]	Event message was loaded.
(January 18 2021, 8:20:31 pm)	[INFO]	Loaded all files.
(January 18 2021, 8:20:32 pm)	[INFO]	Mika is ready.