                                                ____                 _ __          
                                               /  _/__  ___ ________(_) /  ___ ____
                                              _/ // _ \(_-</ __/ __/ / _ \/ -_) __/
                                             /___/_//_/___/\__/_/ /_/_.__/\__/_/   
                                          -------------------------------------------
-----------------------------------------|INFO LOG FILE OF 2021-01-25T11:44:06+00:00|------------------------------------------------
                                          -------------------------------------------
(January 25 2021, 11:44:06 am)	[INFO]	Command afk was loaded.
(January 25 2021, 11:44:06 am)	[INFO]	Command help was loaded.
(January 25 2021, 11:44:06 am)	[INFO]	Command latency was loaded.
(January 25 2021, 11:44:06 am)	[INFO]	Command background was loaded.
(January 25 2021, 11:44:06 am)	[INFO]	Command birthday was loaded.
(January 25 2021, 11:44:06 am)	[INFO]	Command description was loaded.
(January 25 2021, 11:44:06 am)	[INFO]	Command profile was loaded.
(January 25 2021, 11:44:06 am)	[INFO]	Command load was loaded.
(January 25 2021, 11:44:06 am)	[INFO]	Command reload was loaded.
(January 25 2021, 11:44:06 am)	[INFO]	Command unload was loaded.
(January 25 2021, 11:44:06 am)	[INFO]	Command balance was loaded.
(January 25 2021, 11:44:06 am)	[INFO]	Command daily was loaded.
(January 25 2021, 11:44:06 am)	[INFO]	Command vote was loaded.
(January 25 2021, 11:44:06 am)	[INFO]	Event ready was loaded.
(January 25 2021, 11:44:06 am)	[INFO]	Event message was loaded.
(January 25 2021, 11:44:06 am)	[INFO]	Loaded all files.
(January 25 2021, 11:44:07 am)	[INFO]	Mika is ready.