                                                ____                 _ __          
                                               /  _/__  ___ ________(_) /  ___ ____
                                              _/ // _ \(_-</ __/ __/ / _ \/ -_) __/
                                             /___/_//_/___/\__/_/ /_/_.__/\__/_/   
                                          -------------------------------------------
-----------------------------------------|INFO LOG FILE OF 2021-01-15T03:04:09+00:00|------------------------------------------------
                                          -------------------------------------------
(January 15 2021, 3:04:09 am)	[INFO]	Command help was loaded.
(January 15 2021, 3:04:09 am)	[INFO]	Command latency was loaded.
(January 15 2021, 3:04:09 am)	[INFO]	Command background was loaded.
(January 15 2021, 3:04:09 am)	[INFO]	Command birthday was loaded.
(January 15 2021, 3:04:09 am)	[INFO]	Command description was loaded.
(January 15 2021, 3:04:09 am)	[INFO]	Command profile was loaded.
(January 15 2021, 3:04:09 am)	[INFO]	Event ready was loaded.
(January 15 2021, 3:04:09 am)	[INFO]	Event message was loaded.
(January 15 2021, 3:04:09 am)	[INFO]	Loaded all files.
(January 15 2021, 3:04:10 am)	[INFO]	Mika is ready.
(January 15 2021, 3:43:05 am)	[INFO]	Command afk was loaded.
(January 15 2021, 3:43:05 am)	[INFO]	Command help was loaded.
(January 15 2021, 3:43:05 am)	[INFO]	Command latency was loaded.
(January 15 2021, 3:43:05 am)	[INFO]	Command background was loaded.
(January 15 2021, 3:43:05 am)	[INFO]	Command birthday was loaded.
(January 15 2021, 3:43:05 am)	[INFO]	Command description was loaded.
(January 15 2021, 3:43:05 am)	[INFO]	Command profile was loaded.
(January 15 2021, 3:43:05 am)	[INFO]	Event ready was loaded.
(January 15 2021, 3:43:05 am)	[INFO]	Event message was loaded.
(January 15 2021, 3:43:05 am)	[INFO]	Loaded all files.
(January 15 2021, 3:43:06 am)	[INFO]	Mika is ready.
(January 15 2021, 3:44:44 am)	[INFO]	Command afk was loaded.
(January 15 2021, 3:44:44 am)	[INFO]	Command help was loaded.
(January 15 2021, 3:44:44 am)	[INFO]	Command latency was loaded.
(January 15 2021, 3:44:44 am)	[INFO]	Command background was loaded.
(January 15 2021, 3:44:44 am)	[INFO]	Command birthday was loaded.
(January 15 2021, 3:44:44 am)	[INFO]	Command description was loaded.
(January 15 2021, 3:44:44 am)	[INFO]	Command profile was loaded.
(January 15 2021, 3:44:44 am)	[INFO]	Event ready was loaded.
(January 15 2021, 3:44:44 am)	[INFO]	Event message was loaded.
(January 15 2021, 3:44:44 am)	[INFO]	Loaded all files.
(January 15 2021, 3:44:44 am)	[INFO]	Mika is ready.
(January 15 2021, 3:46:01 am)	[INFO]	Command afk was loaded.
(January 15 2021, 3:46:01 am)	[INFO]	Command help was loaded.
(January 15 2021, 3:46:01 am)	[INFO]	Command latency was loaded.
(January 15 2021, 3:46:01 am)	[INFO]	Command background was loaded.
(January 15 2021, 3:46:01 am)	[INFO]	Command birthday was loaded.
(January 15 2021, 3:46:01 am)	[INFO]	Command description was loaded.
(January 15 2021, 3:46:01 am)	[INFO]	Command profile was loaded.
(January 15 2021, 3:46:01 am)	[INFO]	Event ready was loaded.
(January 15 2021, 3:46:01 am)	[INFO]	Event message was loaded.
(January 15 2021, 3:46:01 am)	[INFO]	Loaded all files.
(January 15 2021, 3:46:02 am)	[INFO]	Mika is ready.
(January 15 2021, 3:47:55 am)	[INFO]	Command afk was loaded.
(January 15 2021, 3:47:55 am)	[INFO]	Command help was loaded.
(January 15 2021, 3:47:55 am)	[INFO]	Command latency was loaded.
(January 15 2021, 3:47:55 am)	[INFO]	Command background was loaded.
(January 15 2021, 3:47:55 am)	[INFO]	Command birthday was loaded.
(January 15 2021, 3:47:55 am)	[INFO]	Command description was loaded.
(January 15 2021, 3:47:56 am)	[INFO]	Command profile was loaded.
(January 15 2021, 3:47:56 am)	[INFO]	Event ready was loaded.
(January 15 2021, 3:47:56 am)	[INFO]	Event message was loaded.
(January 15 2021, 3:47:56 am)	[INFO]	Loaded all files.
(January 15 2021, 3:47:56 am)	[INFO]	Mika is ready.
(January 15 2021, 3:49:37 am)	[INFO]	Command afk was loaded.
(January 15 2021, 3:49:37 am)	[INFO]	Command help was loaded.
(January 15 2021, 3:49:37 am)	[INFO]	Command latency was loaded.
(January 15 2021, 3:49:37 am)	[INFO]	Command background was loaded.
(January 15 2021, 3:49:37 am)	[INFO]	Command birthday was loaded.
(January 15 2021, 3:49:37 am)	[INFO]	Command description was loaded.
(January 15 2021, 3:49:37 am)	[INFO]	Command profile was loaded.
(January 15 2021, 3:49:37 am)	[INFO]	Event ready was loaded.
(January 15 2021, 3:49:37 am)	[INFO]	Event message was loaded.
(January 15 2021, 3:49:37 am)	[INFO]	Loaded all files.
(January 15 2021, 3:49:38 am)	[INFO]	Mika is ready.
(January 15 2021, 3:52:10 am)	[INFO]	Command afk was loaded.
(January 15 2021, 3:52:10 am)	[INFO]	Command help was loaded.
(January 15 2021, 3:52:10 am)	[INFO]	Command latency was loaded.
(January 15 2021, 3:52:10 am)	[INFO]	Command background was loaded.
(January 15 2021, 3:52:10 am)	[INFO]	Command birthday was loaded.
(January 15 2021, 3:52:10 am)	[INFO]	Command description was loaded.
(January 15 2021, 3:52:10 am)	[INFO]	Command profile was loaded.
(January 15 2021, 3:52:10 am)	[INFO]	Event ready was loaded.
(January 15 2021, 3:52:10 am)	[INFO]	Event message was loaded.
(January 15 2021, 3:52:10 am)	[INFO]	Loaded all files.
(January 15 2021, 3:52:11 am)	[INFO]	Mika is ready.
(January 15 2021, 3:52:59 am)	[INFO]	Command afk was loaded.
(January 15 2021, 3:52:59 am)	[INFO]	Command help was loaded.
(January 15 2021, 3:52:59 am)	[INFO]	Command latency was loaded.
(January 15 2021, 3:52:59 am)	[INFO]	Command background was loaded.
(January 15 2021, 3:52:59 am)	[INFO]	Command birthday was loaded.
(January 15 2021, 3:52:59 am)	[INFO]	Command description was loaded.
(January 15 2021, 3:52:59 am)	[INFO]	Command profile was loaded.
(January 15 2021, 3:52:59 am)	[INFO]	Event ready was loaded.
(January 15 2021, 3:52:59 am)	[INFO]	Event message was loaded.
(January 15 2021, 3:52:59 am)	[INFO]	Loaded all files.
(January 15 2021, 3:52:59 am)	[INFO]	Mika is ready.
(January 15 2021, 3:54:01 am)	[INFO]	Command afk was loaded.
(January 15 2021, 3:54:01 am)	[INFO]	Command help was loaded.
(January 15 2021, 3:54:01 am)	[INFO]	Command latency was loaded.
(January 15 2021, 3:54:01 am)	[INFO]	Command background was loaded.
(January 15 2021, 3:54:01 am)	[INFO]	Command birthday was loaded.
(January 15 2021, 3:54:01 am)	[INFO]	Command description was loaded.
(January 15 2021, 3:54:01 am)	[INFO]	Command profile was loaded.
(January 15 2021, 3:54:01 am)	[INFO]	Event ready was loaded.
(January 15 2021, 3:54:01 am)	[INFO]	Event message was loaded.
(January 15 2021, 3:54:01 am)	[INFO]	Loaded all files.
(January 15 2021, 3:54:01 am)	[INFO]	Mika is ready.
(January 15 2021, 3:56:45 am)	[INFO]	Command afk was loaded.
(January 15 2021, 3:56:45 am)	[INFO]	Command help was loaded.
(January 15 2021, 3:56:45 am)	[INFO]	Command latency was loaded.
(January 15 2021, 3:56:45 am)	[INFO]	Command background was loaded.
(January 15 2021, 3:56:45 am)	[INFO]	Command birthday was loaded.
(January 15 2021, 3:56:45 am)	[INFO]	Command description was loaded.
(January 15 2021, 3:56:45 am)	[INFO]	Command profile was loaded.
(January 15 2021, 3:56:45 am)	[INFO]	Event ready was loaded.
(January 15 2021, 3:56:45 am)	[INFO]	Event message was loaded.
(January 15 2021, 3:56:45 am)	[INFO]	Loaded all files.
(January 15 2021, 3:56:46 am)	[INFO]	Mika is ready.
(January 15 2021, 4:09:59 am)	[INFO]	Command afk was loaded.
(January 15 2021, 4:09:59 am)	[INFO]	Command help was loaded.
(January 15 2021, 4:09:59 am)	[INFO]	Command latency was loaded.
(January 15 2021, 4:09:59 am)	[INFO]	Command background was loaded.
(January 15 2021, 4:09:59 am)	[INFO]	Command birthday was loaded.
(January 15 2021, 4:09:59 am)	[INFO]	Command description was loaded.
(January 15 2021, 4:09:59 am)	[INFO]	Command profile was loaded.
(January 15 2021, 4:09:59 am)	[INFO]	Event ready was loaded.
(January 15 2021, 4:09:59 am)	[INFO]	Event message was loaded.
(January 15 2021, 4:09:59 am)	[INFO]	Loaded all files.
(January 15 2021, 4:10:00 am)	[INFO]	Mika is ready.
(January 15 2021, 4:10:16 am)	[INFO]	Command afk was loaded.
(January 15 2021, 4:10:16 am)	[INFO]	Command help was loaded.
(January 15 2021, 4:10:16 am)	[INFO]	Command latency was loaded.
(January 15 2021, 4:10:16 am)	[INFO]	Command background was loaded.
(January 15 2021, 4:10:16 am)	[INFO]	Command birthday was loaded.
(January 15 2021, 4:10:16 am)	[INFO]	Command description was loaded.
(January 15 2021, 4:10:16 am)	[INFO]	Command profile was loaded.
(January 15 2021, 4:10:16 am)	[INFO]	Event ready was loaded.
(January 15 2021, 4:10:16 am)	[INFO]	Event message was loaded.
(January 15 2021, 4:10:16 am)	[INFO]	Loaded all files.
(January 15 2021, 4:10:17 am)	[INFO]	Mika is ready.
(January 15 2021, 4:11:50 am)	[INFO]	Command afk was loaded.
(January 15 2021, 4:11:50 am)	[INFO]	Command help was loaded.
(January 15 2021, 4:11:50 am)	[INFO]	Command latency was loaded.
(January 15 2021, 4:11:50 am)	[INFO]	Command background was loaded.
(January 15 2021, 4:11:50 am)	[INFO]	Command birthday was loaded.
(January 15 2021, 4:11:50 am)	[INFO]	Command description was loaded.
(January 15 2021, 4:11:50 am)	[INFO]	Command profile was loaded.
(January 15 2021, 4:11:50 am)	[INFO]	Event ready was loaded.
(January 15 2021, 4:11:50 am)	[INFO]	Event message was loaded.
(January 15 2021, 4:11:50 am)	[INFO]	Loaded all files.
(January 15 2021, 4:11:51 am)	[INFO]	Mika is ready.
(January 15 2021, 4:14:12 am)	[INFO]	Command afk was loaded.
(January 15 2021, 4:14:12 am)	[INFO]	Command help was loaded.
(January 15 2021, 4:14:12 am)	[INFO]	Command latency was loaded.
(January 15 2021, 4:14:12 am)	[INFO]	Command background was loaded.
(January 15 2021, 4:14:12 am)	[INFO]	Command birthday was loaded.
(January 15 2021, 4:14:12 am)	[INFO]	Command description was loaded.
(January 15 2021, 4:14:12 am)	[INFO]	Command profile was loaded.
(January 15 2021, 4:14:12 am)	[INFO]	Event ready was loaded.
(January 15 2021, 4:14:12 am)	[INFO]	Event message was loaded.
(January 15 2021, 4:14:12 am)	[INFO]	Loaded all files.
(January 15 2021, 4:14:13 am)	[INFO]	Mika is ready.
(January 15 2021, 4:16:29 am)	[INFO]	Command afk was loaded.
(January 15 2021, 4:16:29 am)	[INFO]	Command help was loaded.
(January 15 2021, 4:16:29 am)	[INFO]	Command latency was loaded.
(January 15 2021, 4:16:29 am)	[INFO]	Command background was loaded.
(January 15 2021, 4:16:29 am)	[INFO]	Command birthday was loaded.
(January 15 2021, 4:16:29 am)	[INFO]	Command description was loaded.
(January 15 2021, 4:16:29 am)	[INFO]	Command profile was loaded.
(January 15 2021, 4:16:29 am)	[INFO]	Event ready was loaded.
(January 15 2021, 4:16:29 am)	[INFO]	Event message was loaded.
(January 15 2021, 4:16:29 am)	[INFO]	Loaded all files.
(January 15 2021, 4:16:30 am)	[INFO]	Mika is ready.
(January 15 2021, 4:19:03 am)	[INFO]	Command afk was loaded.
(January 15 2021, 4:19:03 am)	[INFO]	Command help was loaded.
(January 15 2021, 4:19:03 am)	[INFO]	Command latency was loaded.
(January 15 2021, 4:19:03 am)	[INFO]	Command background was loaded.
(January 15 2021, 4:19:03 am)	[INFO]	Command birthday was loaded.
(January 15 2021, 4:19:03 am)	[INFO]	Command description was loaded.
(January 15 2021, 4:19:03 am)	[INFO]	Command profile was loaded.
(January 15 2021, 4:19:03 am)	[INFO]	Event ready was loaded.
(January 15 2021, 4:19:03 am)	[INFO]	Event message was loaded.
(January 15 2021, 4:19:03 am)	[INFO]	Loaded all files.
(January 15 2021, 4:19:04 am)	[INFO]	Mika is ready.
(January 15 2021, 4:20:26 am)	[INFO]	Command afk was loaded.
(January 15 2021, 4:20:26 am)	[INFO]	Command help was loaded.
(January 15 2021, 4:20:26 am)	[INFO]	Command latency was loaded.
(January 15 2021, 4:20:26 am)	[INFO]	Command background was loaded.
(January 15 2021, 4:20:26 am)	[INFO]	Command birthday was loaded.
(January 15 2021, 4:20:26 am)	[INFO]	Command description was loaded.
(January 15 2021, 4:20:26 am)	[INFO]	Command profile was loaded.
(January 15 2021, 4:20:26 am)	[INFO]	Event ready was loaded.
(January 15 2021, 4:20:47 am)	[INFO]	Command afk was loaded.
(January 15 2021, 4:20:47 am)	[INFO]	Command help was loaded.
(January 15 2021, 4:20:47 am)	[INFO]	Command latency was loaded.
(January 15 2021, 4:20:47 am)	[INFO]	Command background was loaded.
(January 15 2021, 4:20:47 am)	[INFO]	Command birthday was loaded.
(January 15 2021, 4:20:47 am)	[INFO]	Command description was loaded.
(January 15 2021, 4:20:47 am)	[INFO]	Command profile was loaded.
(January 15 2021, 4:20:47 am)	[INFO]	Event ready was loaded.
(January 15 2021, 4:20:47 am)	[INFO]	Event message was loaded.
(January 15 2021, 4:20:47 am)	[INFO]	Loaded all files.
(January 15 2021, 4:20:47 am)	[INFO]	Mika is ready.
(January 15 2021, 4:22:09 am)	[INFO]	Command afk was loaded.
(January 15 2021, 4:22:09 am)	[INFO]	Command help was loaded.
(January 15 2021, 4:22:09 am)	[INFO]	Command latency was loaded.
(January 15 2021, 4:22:09 am)	[INFO]	Command background was loaded.
(January 15 2021, 4:22:09 am)	[INFO]	Command birthday was loaded.
(January 15 2021, 4:22:09 am)	[INFO]	Command description was loaded.
(January 15 2021, 4:22:09 am)	[INFO]	Command profile was loaded.
(January 15 2021, 4:22:09 am)	[INFO]	Event ready was loaded.
(January 15 2021, 4:22:09 am)	[INFO]	Event message was loaded.
(January 15 2021, 4:22:09 am)	[INFO]	Loaded all files.
(January 15 2021, 4:22:10 am)	[INFO]	Mika is ready.
(January 15 2021, 4:23:57 am)	[INFO]	Command afk was loaded.
(January 15 2021, 4:23:57 am)	[INFO]	Command help was loaded.
(January 15 2021, 4:23:57 am)	[INFO]	Command latency was loaded.
(January 15 2021, 4:23:57 am)	[INFO]	Command background was loaded.
(January 15 2021, 4:23:57 am)	[INFO]	Command birthday was loaded.
(January 15 2021, 4:23:57 am)	[INFO]	Command description was loaded.
(January 15 2021, 4:23:57 am)	[INFO]	Command profile was loaded.
(January 15 2021, 4:23:57 am)	[INFO]	Event ready was loaded.
(January 15 2021, 4:23:57 am)	[INFO]	Event message was loaded.
(January 15 2021, 4:23:57 am)	[INFO]	Loaded all files.
(January 15 2021, 4:23:57 am)	[INFO]	Mika is ready.
(January 15 2021, 4:24:50 am)	[INFO]	Command afk was loaded.
(January 15 2021, 4:24:50 am)	[INFO]	Command help was loaded.
(January 15 2021, 4:24:50 am)	[INFO]	Command latency was loaded.
(January 15 2021, 4:24:50 am)	[INFO]	Command background was loaded.
(January 15 2021, 4:24:50 am)	[INFO]	Command birthday was loaded.
(January 15 2021, 4:24:50 am)	[INFO]	Command description was loaded.
(January 15 2021, 4:24:50 am)	[INFO]	Command profile was loaded.
(January 15 2021, 4:24:50 am)	[INFO]	Event ready was loaded.
(January 15 2021, 4:24:50 am)	[INFO]	Event message was loaded.
(January 15 2021, 4:24:50 am)	[INFO]	Loaded all files.
(January 15 2021, 4:24:51 am)	[INFO]	Mika is ready.
(January 15 2021, 4:25:09 am)	[INFO]	Command afk was loaded.
(January 15 2021, 4:25:09 am)	[INFO]	Command help was loaded.
(January 15 2021, 4:25:09 am)	[INFO]	Command latency was loaded.
(January 15 2021, 4:25:09 am)	[INFO]	Command background was loaded.
(January 15 2021, 4:25:09 am)	[INFO]	Command birthday was loaded.
(January 15 2021, 4:25:09 am)	[INFO]	Command description was loaded.
(January 15 2021, 4:25:09 am)	[INFO]	Command profile was loaded.
(January 15 2021, 4:25:09 am)	[INFO]	Event ready was loaded.
(January 15 2021, 4:25:09 am)	[INFO]	Event message was loaded.
(January 15 2021, 4:25:09 am)	[INFO]	Loaded all files.
(January 15 2021, 4:25:10 am)	[INFO]	Mika is ready.
(January 15 2021, 4:30:48 am)	[INFO]	Command afk was loaded.
(January 15 2021, 4:30:48 am)	[INFO]	Command help was loaded.
(January 15 2021, 4:30:48 am)	[INFO]	Command latency was loaded.
(January 15 2021, 4:30:48 am)	[INFO]	Command background was loaded.
(January 15 2021, 4:30:48 am)	[INFO]	Command birthday was loaded.
(January 15 2021, 4:30:48 am)	[INFO]	Command description was loaded.
(January 15 2021, 4:30:48 am)	[INFO]	Command profile was loaded.
(January 15 2021, 4:30:48 am)	[INFO]	Event ready was loaded.
(January 15 2021, 4:30:48 am)	[INFO]	Event message was loaded.
(January 15 2021, 4:30:48 am)	[INFO]	Loaded all files.
(January 15 2021, 4:30:48 am)	[INFO]	Mika is ready.
(January 15 2021, 4:32:51 am)	[INFO]	Command afk was loaded.
(January 15 2021, 4:32:51 am)	[INFO]	Command help was loaded.
(January 15 2021, 4:32:51 am)	[INFO]	Command latency was loaded.
(January 15 2021, 4:32:51 am)	[INFO]	Command background was loaded.
(January 15 2021, 4:32:51 am)	[INFO]	Command birthday was loaded.
(January 15 2021, 4:32:51 am)	[INFO]	Command description was loaded.
(January 15 2021, 4:32:51 am)	[INFO]	Command profile was loaded.
(January 15 2021, 4:32:51 am)	[INFO]	Event ready was loaded.
(January 15 2021, 4:32:51 am)	[INFO]	Event message was loaded.
(January 15 2021, 4:32:51 am)	[INFO]	Loaded all files.
(January 15 2021, 4:32:52 am)	[INFO]	Mika is ready.
(January 15 2021, 4:34:55 am)	[INFO]	Command afk was loaded.
(January 15 2021, 4:34:55 am)	[INFO]	Command help was loaded.
(January 15 2021, 4:34:55 am)	[INFO]	Command latency was loaded.
(January 15 2021, 4:34:55 am)	[INFO]	Command background was loaded.
(January 15 2021, 4:34:55 am)	[INFO]	Command birthday was loaded.
(January 15 2021, 4:34:55 am)	[INFO]	Command description was loaded.
(January 15 2021, 4:34:55 am)	[INFO]	Command profile was loaded.
(January 15 2021, 4:34:55 am)	[INFO]	Event ready was loaded.
(January 15 2021, 4:34:55 am)	[INFO]	Event message was loaded.
(January 15 2021, 4:34:55 am)	[INFO]	Loaded all files.
(January 15 2021, 4:34:56 am)	[INFO]	Mika is ready.
(January 15 2021, 4:38:29 am)	[INFO]	Command afk was loaded.
(January 15 2021, 4:38:29 am)	[INFO]	Command help was loaded.
(January 15 2021, 4:38:29 am)	[INFO]	Command latency was loaded.
(January 15 2021, 4:38:29 am)	[INFO]	Command background was loaded.
(January 15 2021, 4:38:29 am)	[INFO]	Command birthday was loaded.
(January 15 2021, 4:38:29 am)	[INFO]	Command description was loaded.
(January 15 2021, 4:38:29 am)	[INFO]	Command profile was loaded.
(January 15 2021, 4:38:29 am)	[INFO]	Event ready was loaded.
(January 15 2021, 4:38:29 am)	[INFO]	Event message was loaded.
(January 15 2021, 4:38:29 am)	[INFO]	Loaded all files.
(January 15 2021, 4:38:30 am)	[INFO]	Mika is ready.
(January 15 2021, 4:42:18 am)	[INFO]	Command afk was loaded.
(January 15 2021, 4:42:18 am)	[INFO]	Command help was loaded.
(January 15 2021, 4:42:18 am)	[INFO]	Command latency was loaded.
(January 15 2021, 4:42:18 am)	[INFO]	Command background was loaded.
(January 15 2021, 4:42:18 am)	[INFO]	Command birthday was loaded.
(January 15 2021, 4:42:18 am)	[INFO]	Command description was loaded.
(January 15 2021, 4:42:18 am)	[INFO]	Command profile was loaded.
(January 15 2021, 4:42:18 am)	[INFO]	Event ready was loaded.
(January 15 2021, 4:42:18 am)	[INFO]	Event message was loaded.
(January 15 2021, 4:42:18 am)	[INFO]	Loaded all files.
(January 15 2021, 4:42:19 am)	[INFO]	Mika is ready.
(January 15 2021, 4:47:02 am)	[INFO]	Command afk was loaded.
(January 15 2021, 4:47:02 am)	[INFO]	Command help was loaded.
(January 15 2021, 4:47:02 am)	[INFO]	Command latency was loaded.
(January 15 2021, 4:47:02 am)	[INFO]	Command background was loaded.
(January 15 2021, 4:47:02 am)	[INFO]	Command birthday was loaded.
(January 15 2021, 4:47:02 am)	[INFO]	Command description was loaded.
(January 15 2021, 4:47:02 am)	[INFO]	Command profile was loaded.
(January 15 2021, 4:47:02 am)	[INFO]	Event ready was loaded.
(January 15 2021, 4:47:02 am)	[INFO]	Event message was loaded.
(January 15 2021, 4:47:02 am)	[INFO]	Loaded all files.
(January 15 2021, 4:47:03 am)	[INFO]	Mika is ready.
(January 15 2021, 4:48:48 am)	[INFO]	Command afk was loaded.
(January 15 2021, 4:48:48 am)	[INFO]	Command help was loaded.
(January 15 2021, 4:48:48 am)	[INFO]	Command latency was loaded.
(January 15 2021, 4:48:48 am)	[INFO]	Command background was loaded.
(January 15 2021, 4:48:48 am)	[INFO]	Command birthday was loaded.
(January 15 2021, 4:48:48 am)	[INFO]	Command description was loaded.
(January 15 2021, 4:48:49 am)	[INFO]	Command profile was loaded.
(January 15 2021, 4:48:49 am)	[INFO]	Event ready was loaded.
(January 15 2021, 4:48:49 am)	[INFO]	Event message was loaded.
(January 15 2021, 4:48:49 am)	[INFO]	Loaded all files.
(January 15 2021, 4:48:49 am)	[INFO]	Mika is ready.
(January 15 2021, 4:50:27 am)	[INFO]	Command afk was loaded.
(January 15 2021, 4:50:27 am)	[INFO]	Command help was loaded.
(January 15 2021, 4:50:27 am)	[INFO]	Command latency was loaded.
(January 15 2021, 4:50:27 am)	[INFO]	Command background was loaded.
(January 15 2021, 4:50:27 am)	[INFO]	Command birthday was loaded.
(January 15 2021, 4:50:27 am)	[INFO]	Command description was loaded.
(January 15 2021, 4:50:27 am)	[INFO]	Command profile was loaded.
(January 15 2021, 4:50:27 am)	[INFO]	Event ready was loaded.
(January 15 2021, 4:50:27 am)	[INFO]	Event message was loaded.
(January 15 2021, 4:50:27 am)	[INFO]	Loaded all files.
(January 15 2021, 4:50:28 am)	[INFO]	Mika is ready.
(January 15 2021, 4:51:20 am)	[INFO]	Command afk was loaded.
(January 15 2021, 4:51:20 am)	[INFO]	Command help was loaded.
(January 15 2021, 4:51:20 am)	[INFO]	Command latency was loaded.
(January 15 2021, 4:51:20 am)	[INFO]	Command background was loaded.
(January 15 2021, 4:51:20 am)	[INFO]	Command birthday was loaded.
(January 15 2021, 4:51:20 am)	[INFO]	Command description was loaded.
(January 15 2021, 4:51:20 am)	[INFO]	Command profile was loaded.
(January 15 2021, 4:51:20 am)	[INFO]	Event ready was loaded.
(January 15 2021, 4:51:20 am)	[INFO]	Event message was loaded.
(January 15 2021, 4:51:20 am)	[INFO]	Loaded all files.
(January 15 2021, 4:51:21 am)	[INFO]	Mika is ready.
(January 15 2021, 4:52:00 am)	[INFO]	Command afk was loaded.
(January 15 2021, 4:52:00 am)	[INFO]	Command help was loaded.
(January 15 2021, 4:52:00 am)	[INFO]	Command latency was loaded.
(January 15 2021, 4:52:00 am)	[INFO]	Command background was loaded.
(January 15 2021, 4:52:00 am)	[INFO]	Command birthday was loaded.
(January 15 2021, 4:52:00 am)	[INFO]	Command description was loaded.
(January 15 2021, 4:52:00 am)	[INFO]	Command profile was loaded.
(January 15 2021, 4:52:00 am)	[INFO]	Event ready was loaded.
(January 15 2021, 4:52:00 am)	[INFO]	Event message was loaded.
(January 15 2021, 4:52:00 am)	[INFO]	Loaded all files.
(January 15 2021, 4:52:01 am)	[INFO]	Mika is ready.
(January 15 2021, 4:52:28 am)	[INFO]	Command afk was loaded.
(January 15 2021, 4:52:28 am)	[INFO]	Command help was loaded.
(January 15 2021, 4:52:28 am)	[INFO]	Command latency was loaded.
(January 15 2021, 4:52:28 am)	[INFO]	Command background was loaded.
(January 15 2021, 4:52:28 am)	[INFO]	Command birthday was loaded.
(January 15 2021, 4:52:28 am)	[INFO]	Command description was loaded.
(January 15 2021, 4:52:28 am)	[INFO]	Command profile was loaded.
(January 15 2021, 4:52:29 am)	[INFO]	Event ready was loaded.
(January 15 2021, 4:52:29 am)	[INFO]	Event message was loaded.
(January 15 2021, 4:52:29 am)	[INFO]	Loaded all files.
(January 15 2021, 4:52:29 am)	[INFO]	Mika is ready.
(January 15 2021, 4:52:59 am)	[INFO]	Command afk was loaded.
(January 15 2021, 4:52:59 am)	[INFO]	Command help was loaded.
(January 15 2021, 4:52:59 am)	[INFO]	Command latency was loaded.
(January 15 2021, 4:52:59 am)	[INFO]	Command background was loaded.
(January 15 2021, 4:52:59 am)	[INFO]	Command birthday was loaded.
(January 15 2021, 4:52:59 am)	[INFO]	Command description was loaded.
(January 15 2021, 4:52:59 am)	[INFO]	Command profile was loaded.
(January 15 2021, 4:52:59 am)	[INFO]	Event ready was loaded.
(January 15 2021, 4:52:59 am)	[INFO]	Event message was loaded.
(January 15 2021, 4:52:59 am)	[INFO]	Loaded all files.
(January 15 2021, 4:53:00 am)	[INFO]	Mika is ready.
(January 15 2021, 4:53:17 am)	[INFO]	Command afk was loaded.
(January 15 2021, 4:53:17 am)	[INFO]	Command help was loaded.
(January 15 2021, 4:53:17 am)	[INFO]	Command latency was loaded.
(January 15 2021, 4:53:17 am)	[INFO]	Command background was loaded.
(January 15 2021, 4:53:17 am)	[INFO]	Command birthday was loaded.
(January 15 2021, 4:53:17 am)	[INFO]	Command description was loaded.
(January 15 2021, 4:53:17 am)	[INFO]	Command profile was loaded.
(January 15 2021, 4:53:17 am)	[INFO]	Event ready was loaded.
(January 15 2021, 4:53:17 am)	[INFO]	Event message was loaded.
(January 15 2021, 4:53:17 am)	[INFO]	Loaded all files.
(January 15 2021, 4:53:18 am)	[INFO]	Mika is ready.
(January 15 2021, 4:53:50 am)	[INFO]	Command afk was loaded.
(January 15 2021, 4:53:50 am)	[INFO]	Command help was loaded.
(January 15 2021, 4:53:50 am)	[INFO]	Command latency was loaded.
(January 15 2021, 4:53:50 am)	[INFO]	Command background was loaded.
(January 15 2021, 4:53:50 am)	[INFO]	Command birthday was loaded.
(January 15 2021, 4:53:50 am)	[INFO]	Command description was loaded.
(January 15 2021, 4:53:51 am)	[INFO]	Command profile was loaded.
(January 15 2021, 4:53:51 am)	[INFO]	Event ready was loaded.
(January 15 2021, 4:53:51 am)	[INFO]	Event message was loaded.
(January 15 2021, 4:53:51 am)	[INFO]	Loaded all files.
(January 15 2021, 4:53:51 am)	[INFO]	Mika is ready.
(January 15 2021, 4:54:11 am)	[INFO]	Command afk was loaded.
(January 15 2021, 4:54:11 am)	[INFO]	Command help was loaded.
(January 15 2021, 4:54:11 am)	[INFO]	Command latency was loaded.
(January 15 2021, 4:54:11 am)	[INFO]	Command background was loaded.
(January 15 2021, 4:54:11 am)	[INFO]	Command birthday was loaded.
(January 15 2021, 4:54:11 am)	[INFO]	Command description was loaded.
(January 15 2021, 4:54:11 am)	[INFO]	Command profile was loaded.
(January 15 2021, 4:54:11 am)	[INFO]	Event ready was loaded.
(January 15 2021, 4:54:11 am)	[INFO]	Event message was loaded.
(January 15 2021, 4:54:11 am)	[INFO]	Loaded all files.
(January 15 2021, 4:54:11 am)	[INFO]	Mika is ready.
(January 15 2021, 4:54:56 am)	[INFO]	Command afk was loaded.
(January 15 2021, 4:54:56 am)	[INFO]	Command help was loaded.
(January 15 2021, 4:54:56 am)	[INFO]	Command latency was loaded.
(January 15 2021, 4:54:56 am)	[INFO]	Command background was loaded.
(January 15 2021, 4:54:56 am)	[INFO]	Command birthday was loaded.
(January 15 2021, 4:54:56 am)	[INFO]	Command description was loaded.
(January 15 2021, 4:54:56 am)	[INFO]	Command profile was loaded.
(January 15 2021, 4:54:56 am)	[INFO]	Event ready was loaded.
(January 15 2021, 4:54:56 am)	[INFO]	Event message was loaded.
(January 15 2021, 4:54:56 am)	[INFO]	Loaded all files.
(January 15 2021, 4:54:57 am)	[INFO]	Mika is ready.
(January 15 2021, 4:55:28 am)	[INFO]	Command afk was loaded.
(January 15 2021, 4:55:29 am)	[INFO]	Command help was loaded.
(January 15 2021, 4:55:29 am)	[INFO]	Command latency was loaded.
(January 15 2021, 4:55:29 am)	[INFO]	Command background was loaded.
(January 15 2021, 4:55:29 am)	[INFO]	Command birthday was loaded.
(January 15 2021, 4:55:29 am)	[INFO]	Command description was loaded.
(January 15 2021, 4:55:29 am)	[INFO]	Command profile was loaded.
(January 15 2021, 4:55:29 am)	[INFO]	Event ready was loaded.
(January 15 2021, 4:55:29 am)	[INFO]	Event message was loaded.
(January 15 2021, 4:55:29 am)	[INFO]	Loaded all files.
(January 15 2021, 4:55:29 am)	[INFO]	Mika is ready.
(January 15 2021, 4:56:46 am)	[INFO]	Command afk was loaded.
(January 15 2021, 4:56:46 am)	[INFO]	Command help was loaded.
(January 15 2021, 4:56:46 am)	[INFO]	Command latency was loaded.
(January 15 2021, 4:56:46 am)	[INFO]	Command background was loaded.
(January 15 2021, 4:56:46 am)	[INFO]	Command birthday was loaded.
(January 15 2021, 4:56:46 am)	[INFO]	Command description was loaded.
(January 15 2021, 4:56:46 am)	[INFO]	Command profile was loaded.
(January 15 2021, 4:56:46 am)	[INFO]	Event ready was loaded.
(January 15 2021, 4:56:46 am)	[INFO]	Event message was loaded.
(January 15 2021, 4:56:46 am)	[INFO]	Loaded all files.
(January 15 2021, 4:56:47 am)	[INFO]	Mika is ready.
(January 15 2021, 4:57:26 am)	[INFO]	Command afk was loaded.
(January 15 2021, 4:57:26 am)	[INFO]	Command help was loaded.
(January 15 2021, 4:57:26 am)	[INFO]	Command latency was loaded.
(January 15 2021, 4:57:26 am)	[INFO]	Command background was loaded.
(January 15 2021, 4:57:26 am)	[INFO]	Command birthday was loaded.
(January 15 2021, 4:57:26 am)	[INFO]	Command description was loaded.
(January 15 2021, 4:57:26 am)	[INFO]	Command profile was loaded.
(January 15 2021, 4:57:26 am)	[INFO]	Event ready was loaded.
(January 15 2021, 4:57:26 am)	[INFO]	Event message was loaded.
(January 15 2021, 4:57:26 am)	[INFO]	Loaded all files.
(January 15 2021, 4:57:27 am)	[INFO]	Mika is ready.
(January 15 2021, 4:59:06 am)	[INFO]	Command afk was loaded.
(January 15 2021, 4:59:06 am)	[INFO]	Command help was loaded.
(January 15 2021, 4:59:06 am)	[INFO]	Command latency was loaded.
(January 15 2021, 4:59:06 am)	[INFO]	Command background was loaded.
(January 15 2021, 4:59:06 am)	[INFO]	Command birthday was loaded.
(January 15 2021, 4:59:06 am)	[INFO]	Command description was loaded.
(January 15 2021, 4:59:06 am)	[INFO]	Command profile was loaded.
(January 15 2021, 4:59:06 am)	[INFO]	Event ready was loaded.
(January 15 2021, 4:59:06 am)	[INFO]	Event message was loaded.
(January 15 2021, 4:59:06 am)	[INFO]	Loaded all files.
(January 15 2021, 4:59:07 am)	[INFO]	Mika is ready.
(January 15 2021, 5:00:01 am)	[INFO]	Command afk was loaded.
(January 15 2021, 5:00:01 am)	[INFO]	Command help was loaded.
(January 15 2021, 5:00:01 am)	[INFO]	Command latency was loaded.
(January 15 2021, 5:00:01 am)	[INFO]	Command background was loaded.
(January 15 2021, 5:00:01 am)	[INFO]	Command birthday was loaded.
(January 15 2021, 5:00:01 am)	[INFO]	Command description was loaded.
(January 15 2021, 5:00:01 am)	[INFO]	Command profile was loaded.
(January 15 2021, 5:00:01 am)	[INFO]	Event ready was loaded.
(January 15 2021, 5:00:01 am)	[INFO]	Event message was loaded.
(January 15 2021, 5:00:01 am)	[INFO]	Loaded all files.
(January 15 2021, 5:00:02 am)	[INFO]	Mika is ready.
(January 15 2021, 5:00:54 am)	[INFO]	Command afk was loaded.
(January 15 2021, 5:00:54 am)	[INFO]	Command help was loaded.
(January 15 2021, 5:00:54 am)	[INFO]	Command latency was loaded.
(January 15 2021, 5:00:54 am)	[INFO]	Command background was loaded.
(January 15 2021, 5:00:54 am)	[INFO]	Command birthday was loaded.
(January 15 2021, 5:00:54 am)	[INFO]	Command description was loaded.
(January 15 2021, 5:00:54 am)	[INFO]	Command profile was loaded.
(January 15 2021, 5:00:54 am)	[INFO]	Event ready was loaded.
(January 15 2021, 5:00:54 am)	[INFO]	Event message was loaded.
(January 15 2021, 5:00:54 am)	[INFO]	Loaded all files.
(January 15 2021, 5:00:55 am)	[INFO]	Mika is ready.
(January 15 2021, 5:01:44 am)	[INFO]	Command afk was loaded.
(January 15 2021, 5:01:44 am)	[INFO]	Command help was loaded.
(January 15 2021, 5:01:44 am)	[INFO]	Command latency was loaded.
(January 15 2021, 5:01:44 am)	[INFO]	Command background was loaded.
(January 15 2021, 5:01:44 am)	[INFO]	Command birthday was loaded.
(January 15 2021, 5:01:44 am)	[INFO]	Command description was loaded.
(January 15 2021, 5:01:44 am)	[INFO]	Command profile was loaded.
(January 15 2021, 5:01:44 am)	[INFO]	Event ready was loaded.
(January 15 2021, 5:01:44 am)	[INFO]	Event message was loaded.
(January 15 2021, 5:01:44 am)	[INFO]	Loaded all files.
(January 15 2021, 5:01:44 am)	[INFO]	Mika is ready.
(January 15 2021, 5:02:08 am)	[INFO]	Command afk was loaded.
(January 15 2021, 5:02:08 am)	[INFO]	Command help was loaded.
(January 15 2021, 5:02:08 am)	[INFO]	Command latency was loaded.
(January 15 2021, 5:02:08 am)	[INFO]	Command background was loaded.
(January 15 2021, 5:02:08 am)	[INFO]	Command birthday was loaded.
(January 15 2021, 5:02:08 am)	[INFO]	Command description was loaded.
(January 15 2021, 5:02:08 am)	[INFO]	Command profile was loaded.
(January 15 2021, 5:02:08 am)	[INFO]	Event ready was loaded.
(January 15 2021, 5:02:08 am)	[INFO]	Event message was loaded.
(January 15 2021, 5:02:08 am)	[INFO]	Loaded all files.
(January 15 2021, 5:02:09 am)	[INFO]	Mika is ready.
(January 15 2021, 5:02:34 am)	[INFO]	Command afk was loaded.
(January 15 2021, 5:02:34 am)	[INFO]	Command help was loaded.
(January 15 2021, 5:02:34 am)	[INFO]	Command latency was loaded.
(January 15 2021, 5:02:34 am)	[INFO]	Command background was loaded.
(January 15 2021, 5:02:34 am)	[INFO]	Command birthday was loaded.
(January 15 2021, 5:02:34 am)	[INFO]	Command description was loaded.
(January 15 2021, 5:02:34 am)	[INFO]	Command profile was loaded.
(January 15 2021, 5:02:34 am)	[INFO]	Event ready was loaded.
(January 15 2021, 5:02:34 am)	[INFO]	Event message was loaded.
(January 15 2021, 5:02:34 am)	[INFO]	Loaded all files.
(January 15 2021, 5:02:35 am)	[INFO]	Mika is ready.
(January 15 2021, 5:03:39 am)	[INFO]	Command afk was loaded.
(January 15 2021, 5:03:40 am)	[INFO]	Command help was loaded.
(January 15 2021, 5:03:40 am)	[INFO]	Command latency was loaded.
(January 15 2021, 5:03:40 am)	[INFO]	Command background was loaded.
(January 15 2021, 5:03:40 am)	[INFO]	Command birthday was loaded.
(January 15 2021, 5:03:40 am)	[INFO]	Command description was loaded.
(January 15 2021, 5:03:40 am)	[INFO]	Command profile was loaded.
(January 15 2021, 5:03:40 am)	[INFO]	Event ready was loaded.
(January 15 2021, 5:03:40 am)	[INFO]	Event message was loaded.
(January 15 2021, 5:03:40 am)	[INFO]	Loaded all files.
(January 15 2021, 5:03:40 am)	[INFO]	Mika is ready.
(January 15 2021, 5:04:51 am)	[INFO]	Command afk was loaded.
(January 15 2021, 5:04:51 am)	[INFO]	Command help was loaded.
(January 15 2021, 5:04:51 am)	[INFO]	Command latency was loaded.
(January 15 2021, 5:04:51 am)	[INFO]	Command background was loaded.
(January 15 2021, 5:04:51 am)	[INFO]	Command birthday was loaded.
(January 15 2021, 5:04:51 am)	[INFO]	Command description was loaded.
(January 15 2021, 5:04:51 am)	[INFO]	Command profile was loaded.
(January 15 2021, 5:04:52 am)	[INFO]	Event ready was loaded.
(January 15 2021, 5:04:52 am)	[INFO]	Event message was loaded.
(January 15 2021, 5:04:52 am)	[INFO]	Loaded all files.
(January 15 2021, 5:04:52 am)	[INFO]	Mika is ready.
(January 15 2021, 5:13:30 am)	[INFO]	Command afk was loaded.
(January 15 2021, 5:13:30 am)	[INFO]	Command help was loaded.
(January 15 2021, 5:13:30 am)	[INFO]	Command latency was loaded.
(January 15 2021, 5:13:30 am)	[INFO]	Command background was loaded.
(January 15 2021, 5:13:30 am)	[INFO]	Command birthday was loaded.
(January 15 2021, 5:13:30 am)	[INFO]	Command description was loaded.
(January 15 2021, 5:13:30 am)	[INFO]	Command profile was loaded.
(January 15 2021, 5:13:31 am)	[INFO]	Event ready was loaded.
(January 15 2021, 5:13:31 am)	[INFO]	Event message was loaded.
(January 15 2021, 5:13:31 am)	[INFO]	Loaded all files.
(January 15 2021, 5:13:31 am)	[INFO]	Mika is ready.
(January 15 2021, 5:14:22 am)	[INFO]	Command afk was loaded.
(January 15 2021, 5:14:22 am)	[INFO]	Command help was loaded.
(January 15 2021, 5:14:22 am)	[INFO]	Command latency was loaded.
(January 15 2021, 5:14:22 am)	[INFO]	Command background was loaded.
(January 15 2021, 5:14:22 am)	[INFO]	Command birthday was loaded.
(January 15 2021, 5:14:22 am)	[INFO]	Command description was loaded.
(January 15 2021, 5:14:22 am)	[INFO]	Command profile was loaded.
(January 15 2021, 5:14:22 am)	[INFO]	Event ready was loaded.
(January 15 2021, 5:14:22 am)	[INFO]	Event message was loaded.
(January 15 2021, 5:14:22 am)	[INFO]	Loaded all files.
(January 15 2021, 5:14:23 am)	[INFO]	Mika is ready.
(January 15 2021, 5:14:36 am)	[INFO]	Command afk was loaded.
(January 15 2021, 5:14:36 am)	[INFO]	Command help was loaded.
(January 15 2021, 5:14:36 am)	[INFO]	Command latency was loaded.
(January 15 2021, 5:14:36 am)	[INFO]	Command background was loaded.
(January 15 2021, 5:14:36 am)	[INFO]	Command birthday was loaded.
(January 15 2021, 5:14:36 am)	[INFO]	Command description was loaded.
(January 15 2021, 5:14:36 am)	[INFO]	Command profile was loaded.
(January 15 2021, 5:14:36 am)	[INFO]	Event ready was loaded.
(January 15 2021, 5:14:36 am)	[INFO]	Event message was loaded.
(January 15 2021, 5:14:36 am)	[INFO]	Loaded all files.
(January 15 2021, 5:14:37 am)	[INFO]	Mika is ready.
(January 15 2021, 5:15:48 am)	[INFO]	Command afk was loaded.
(January 15 2021, 5:15:48 am)	[INFO]	Command help was loaded.
(January 15 2021, 5:15:48 am)	[INFO]	Command latency was loaded.
(January 15 2021, 5:15:48 am)	[INFO]	Command background was loaded.
(January 15 2021, 5:15:48 am)	[INFO]	Command birthday was loaded.
(January 15 2021, 5:15:48 am)	[INFO]	Command description was loaded.
(January 15 2021, 5:15:48 am)	[INFO]	Command profile was loaded.
(January 15 2021, 5:15:48 am)	[INFO]	Event ready was loaded.
(January 15 2021, 5:15:48 am)	[INFO]	Event message was loaded.
(January 15 2021, 5:15:48 am)	[INFO]	Loaded all files.
(January 15 2021, 5:15:49 am)	[INFO]	Mika is ready.
(January 15 2021, 5:16:27 am)	[INFO]	Command afk was loaded.
(January 15 2021, 5:16:27 am)	[INFO]	Command help was loaded.
(January 15 2021, 5:16:27 am)	[INFO]	Command latency was loaded.
(January 15 2021, 5:16:27 am)	[INFO]	Command background was loaded.
(January 15 2021, 5:16:27 am)	[INFO]	Command birthday was loaded.
(January 15 2021, 5:16:27 am)	[INFO]	Command description was loaded.
(January 15 2021, 5:16:28 am)	[INFO]	Command profile was loaded.
(January 15 2021, 5:16:28 am)	[INFO]	Event ready was loaded.
(January 15 2021, 5:16:28 am)	[INFO]	Event message was loaded.
(January 15 2021, 5:16:28 am)	[INFO]	Loaded all files.
(January 15 2021, 5:16:28 am)	[INFO]	Mika is ready.
(January 15 2021, 5:16:51 am)	[INFO]	Command afk was loaded.
(January 15 2021, 5:16:51 am)	[INFO]	Command help was loaded.
(January 15 2021, 5:16:51 am)	[INFO]	Command latency was loaded.
(January 15 2021, 5:16:51 am)	[INFO]	Command background was loaded.
(January 15 2021, 5:16:51 am)	[INFO]	Command birthday was loaded.
(January 15 2021, 5:16:51 am)	[INFO]	Command description was loaded.
(January 15 2021, 5:16:51 am)	[INFO]	Command profile was loaded.
(January 15 2021, 5:16:51 am)	[INFO]	Event ready was loaded.
(January 15 2021, 5:16:51 am)	[INFO]	Event message was loaded.
(January 15 2021, 5:16:51 am)	[INFO]	Loaded all files.
(January 15 2021, 5:16:52 am)	[INFO]	Mika is ready.
(January 15 2021, 5:17:55 am)	[INFO]	Command afk was loaded.
(January 15 2021, 5:17:55 am)	[INFO]	Command help was loaded.
(January 15 2021, 5:17:55 am)	[INFO]	Command latency was loaded.
(January 15 2021, 5:17:55 am)	[INFO]	Command background was loaded.
(January 15 2021, 5:17:55 am)	[INFO]	Command birthday was loaded.
(January 15 2021, 5:17:55 am)	[INFO]	Command description was loaded.
(January 15 2021, 5:17:55 am)	[INFO]	Command profile was loaded.
(January 15 2021, 5:17:55 am)	[INFO]	Event ready was loaded.
(January 15 2021, 5:17:55 am)	[INFO]	Event message was loaded.
(January 15 2021, 5:17:55 am)	[INFO]	Loaded all files.
(January 15 2021, 5:17:56 am)	[INFO]	Mika is ready.
(January 15 2021, 5:19:09 am)	[INFO]	Command afk was loaded.
(January 15 2021, 5:19:09 am)	[INFO]	Command help was loaded.
(January 15 2021, 5:19:09 am)	[INFO]	Command latency was loaded.
(January 15 2021, 5:19:09 am)	[INFO]	Command background was loaded.
(January 15 2021, 5:19:09 am)	[INFO]	Command birthday was loaded.
(January 15 2021, 5:19:09 am)	[INFO]	Command description was loaded.
(January 15 2021, 5:19:09 am)	[INFO]	Command profile was loaded.
(January 15 2021, 5:19:09 am)	[INFO]	Event ready was loaded.
(January 15 2021, 5:19:09 am)	[INFO]	Event message was loaded.
(January 15 2021, 5:19:09 am)	[INFO]	Loaded all files.
(January 15 2021, 5:19:10 am)	[INFO]	Mika is ready.
(January 15 2021, 5:23:28 am)	[INFO]	Command afk was loaded.
(January 15 2021, 5:23:28 am)	[INFO]	Command help was loaded.
(January 15 2021, 5:23:28 am)	[INFO]	Command latency was loaded.
(January 15 2021, 5:23:28 am)	[INFO]	Command background was loaded.
(January 15 2021, 5:23:28 am)	[INFO]	Command birthday was loaded.
(January 15 2021, 5:23:28 am)	[INFO]	Command description was loaded.
(January 15 2021, 5:23:28 am)	[INFO]	Command profile was loaded.
(January 15 2021, 5:23:28 am)	[INFO]	Event ready was loaded.
(January 15 2021, 5:23:28 am)	[INFO]	Event message was loaded.
(January 15 2021, 5:23:28 am)	[INFO]	Loaded all files.
(January 15 2021, 5:23:29 am)	[INFO]	Mika is ready.
(January 15 2021, 5:26:30 am)	[INFO]	Command afk was loaded.
(January 15 2021, 5:26:30 am)	[INFO]	Command help was loaded.
(January 15 2021, 5:26:30 am)	[INFO]	Command latency was loaded.
(January 15 2021, 5:26:30 am)	[INFO]	Command background was loaded.
(January 15 2021, 5:26:30 am)	[INFO]	Command birthday was loaded.
(January 15 2021, 5:26:30 am)	[INFO]	Command description was loaded.
(January 15 2021, 5:26:30 am)	[INFO]	Command profile was loaded.
(January 15 2021, 5:26:30 am)	[INFO]	Event ready was loaded.
(January 15 2021, 5:26:30 am)	[INFO]	Event message was loaded.
(January 15 2021, 5:26:30 am)	[INFO]	Loaded all files.
(January 15 2021, 5:26:31 am)	[INFO]	Mika is ready.
(January 15 2021, 5:32:03 am)	[INFO]	Command afk was loaded.
(January 15 2021, 5:32:03 am)	[INFO]	Command help was loaded.
(January 15 2021, 5:32:03 am)	[INFO]	Command latency was loaded.
(January 15 2021, 5:32:03 am)	[INFO]	Command background was loaded.
(January 15 2021, 5:32:03 am)	[INFO]	Command birthday was loaded.
(January 15 2021, 5:32:03 am)	[INFO]	Command description was loaded.
(January 15 2021, 5:32:03 am)	[INFO]	Command profile was loaded.
(January 15 2021, 5:32:03 am)	[INFO]	Event ready was loaded.
(January 15 2021, 5:32:03 am)	[INFO]	Event message was loaded.
(January 15 2021, 5:32:03 am)	[INFO]	Loaded all files.
(January 15 2021, 5:32:04 am)	[INFO]	Mika is ready.
(January 15 2021, 5:32:51 am)	[INFO]	Command afk was loaded.
(January 15 2021, 5:32:51 am)	[INFO]	Command help was loaded.
(January 15 2021, 5:32:51 am)	[INFO]	Command latency was loaded.
(January 15 2021, 5:32:51 am)	[INFO]	Command background was loaded.
(January 15 2021, 5:32:51 am)	[INFO]	Command birthday was loaded.
(January 15 2021, 5:32:51 am)	[INFO]	Command description was loaded.
(January 15 2021, 5:32:51 am)	[INFO]	Command profile was loaded.
(January 15 2021, 5:32:51 am)	[INFO]	Event ready was loaded.
(January 15 2021, 5:32:51 am)	[INFO]	Event message was loaded.
(January 15 2021, 5:32:51 am)	[INFO]	Loaded all files.
(January 15 2021, 5:32:52 am)	[INFO]	Mika is ready.
(January 15 2021, 5:33:17 am)	[INFO]	Command afk was loaded.
(January 15 2021, 5:33:17 am)	[INFO]	Command help was loaded.
(January 15 2021, 5:33:17 am)	[INFO]	Command latency was loaded.
(January 15 2021, 5:33:17 am)	[INFO]	Command background was loaded.
(January 15 2021, 5:33:17 am)	[INFO]	Command birthday was loaded.
(January 15 2021, 5:33:17 am)	[INFO]	Command description was loaded.
(January 15 2021, 5:33:17 am)	[INFO]	Command profile was loaded.
(January 15 2021, 5:33:17 am)	[INFO]	Event ready was loaded.
(January 15 2021, 5:33:17 am)	[INFO]	Event message was loaded.
(January 15 2021, 5:33:17 am)	[INFO]	Loaded all files.
(January 15 2021, 5:33:18 am)	[INFO]	Mika is ready.
(January 15 2021, 5:34:23 am)	[INFO]	Command afk was loaded.
(January 15 2021, 5:34:23 am)	[INFO]	Command help was loaded.
(January 15 2021, 5:34:23 am)	[INFO]	Command latency was loaded.
(January 15 2021, 5:34:23 am)	[INFO]	Command background was loaded.
(January 15 2021, 5:34:23 am)	[INFO]	Command birthday was loaded.
(January 15 2021, 5:34:23 am)	[INFO]	Command description was loaded.
(January 15 2021, 5:34:23 am)	[INFO]	Command profile was loaded.
(January 15 2021, 5:34:23 am)	[INFO]	Event ready was loaded.
(January 15 2021, 5:34:23 am)	[INFO]	Event message was loaded.
(January 15 2021, 5:34:23 am)	[INFO]	Loaded all files.
(January 15 2021, 5:34:24 am)	[INFO]	Mika is ready.
(January 15 2021, 5:34:42 am)	[INFO]	Command afk was loaded.
(January 15 2021, 5:34:42 am)	[INFO]	Command help was loaded.
(January 15 2021, 5:34:42 am)	[INFO]	Command latency was loaded.
(January 15 2021, 5:34:42 am)	[INFO]	Command background was loaded.
(January 15 2021, 5:34:42 am)	[INFO]	Command birthday was loaded.
(January 15 2021, 5:34:42 am)	[INFO]	Command description was loaded.
(January 15 2021, 5:34:42 am)	[INFO]	Command profile was loaded.
(January 15 2021, 5:34:42 am)	[INFO]	Event ready was loaded.
(January 15 2021, 5:34:42 am)	[INFO]	Event message was loaded.
(January 15 2021, 5:34:42 am)	[INFO]	Loaded all files.
(January 15 2021, 5:34:43 am)	[INFO]	Mika is ready.
(January 15 2021, 5:36:11 am)	[INFO]	Command afk was loaded.
(January 15 2021, 5:36:11 am)	[INFO]	Command help was loaded.
(January 15 2021, 5:36:11 am)	[INFO]	Command latency was loaded.
(January 15 2021, 5:36:11 am)	[INFO]	Command background was loaded.
(January 15 2021, 5:36:11 am)	[INFO]	Command birthday was loaded.
(January 15 2021, 5:36:11 am)	[INFO]	Command description was loaded.
(January 15 2021, 5:36:11 am)	[INFO]	Command profile was loaded.
(January 15 2021, 5:36:11 am)	[INFO]	Event ready was loaded.
(January 15 2021, 5:36:11 am)	[INFO]	Event message was loaded.
(January 15 2021, 5:36:11 am)	[INFO]	Loaded all files.
(January 15 2021, 5:36:12 am)	[INFO]	Mika is ready.
(January 15 2021, 5:36:32 am)	[INFO]	Command afk was loaded.
(January 15 2021, 5:36:32 am)	[INFO]	Command help was loaded.
(January 15 2021, 5:36:32 am)	[INFO]	Command latency was loaded.
(January 15 2021, 5:36:32 am)	[INFO]	Command background was loaded.
(January 15 2021, 5:36:32 am)	[INFO]	Command birthday was loaded.
(January 15 2021, 5:36:32 am)	[INFO]	Command description was loaded.
(January 15 2021, 5:36:33 am)	[INFO]	Command profile was loaded.
(January 15 2021, 5:36:33 am)	[INFO]	Event ready was loaded.
(January 15 2021, 5:36:33 am)	[INFO]	Event message was loaded.
(January 15 2021, 5:36:33 am)	[INFO]	Loaded all files.
(January 15 2021, 5:36:33 am)	[INFO]	Mika is ready.
(January 15 2021, 5:37:46 am)	[INFO]	Command afk was loaded.
(January 15 2021, 5:37:46 am)	[INFO]	Command help was loaded.
(January 15 2021, 5:37:47 am)	[INFO]	Command latency was loaded.
(January 15 2021, 5:37:47 am)	[INFO]	Command background was loaded.
(January 15 2021, 5:37:47 am)	[INFO]	Command birthday was loaded.
(January 15 2021, 5:37:47 am)	[INFO]	Command description was loaded.
(January 15 2021, 5:37:47 am)	[INFO]	Command profile was loaded.
(January 15 2021, 5:37:47 am)	[INFO]	Event ready was loaded.
(January 15 2021, 5:37:47 am)	[INFO]	Event message was loaded.
(January 15 2021, 5:37:47 am)	[INFO]	Loaded all files.
(January 15 2021, 5:37:48 am)	[INFO]	Mika is ready.
(January 15 2021, 5:48:49 am)	[INFO]	Command afk was loaded.
(January 15 2021, 5:48:49 am)	[INFO]	Command help was loaded.
(January 15 2021, 5:48:49 am)	[INFO]	Command latency was loaded.
(January 15 2021, 5:48:49 am)	[INFO]	Command background was loaded.
(January 15 2021, 5:48:49 am)	[INFO]	Command birthday was loaded.
(January 15 2021, 5:48:49 am)	[INFO]	Command description was loaded.
(January 15 2021, 5:48:50 am)	[INFO]	Command profile was loaded.
(January 15 2021, 5:48:50 am)	[INFO]	Event ready was loaded.
(January 15 2021, 5:48:50 am)	[INFO]	Event message was loaded.
(January 15 2021, 5:48:50 am)	[INFO]	Loaded all files.
(January 15 2021, 5:48:51 am)	[INFO]	Mika is ready.
(January 15 2021, 5:51:38 am)	[INFO]	Command afk was loaded.
(January 15 2021, 5:51:38 am)	[INFO]	Command help was loaded.
(January 15 2021, 5:51:38 am)	[INFO]	Command latency was loaded.
(January 15 2021, 5:51:38 am)	[INFO]	Command background was loaded.
(January 15 2021, 5:51:38 am)	[INFO]	Command birthday was loaded.
(January 15 2021, 5:51:38 am)	[INFO]	Command description was loaded.
(January 15 2021, 5:51:38 am)	[INFO]	Command profile was loaded.
(January 15 2021, 5:51:38 am)	[INFO]	Event ready was loaded.
(January 15 2021, 5:51:38 am)	[INFO]	Event message was loaded.
(January 15 2021, 5:51:38 am)	[INFO]	Loaded all files.
(January 15 2021, 5:51:38 am)	[INFO]	Mika is ready.
(January 15 2021, 5:54:25 am)	[INFO]	Command afk was loaded.
(January 15 2021, 5:54:25 am)	[INFO]	Command help was loaded.
(January 15 2021, 5:54:43 am)	[INFO]	Command afk was loaded.
(January 15 2021, 5:54:43 am)	[INFO]	Command help was loaded.
(January 15 2021, 5:54:43 am)	[INFO]	Command latency was loaded.
(January 15 2021, 5:54:43 am)	[INFO]	Command background was loaded.
(January 15 2021, 5:54:43 am)	[INFO]	Command birthday was loaded.
(January 15 2021, 5:54:43 am)	[INFO]	Command description was loaded.
(January 15 2021, 5:54:43 am)	[INFO]	Command profile was loaded.
(January 15 2021, 5:54:43 am)	[INFO]	Event ready was loaded.
(January 15 2021, 5:54:43 am)	[INFO]	Event message was loaded.
(January 15 2021, 5:54:43 am)	[INFO]	Loaded all files.
(January 15 2021, 5:54:44 am)	[INFO]	Mika is ready.
(January 15 2021, 5:57:02 am)	[INFO]	Command afk was loaded.
(January 15 2021, 5:57:02 am)	[INFO]	Command help was loaded.
(January 15 2021, 5:57:02 am)	[INFO]	Command latency was loaded.
(January 15 2021, 5:57:02 am)	[INFO]	Command background was loaded.
(January 15 2021, 5:57:02 am)	[INFO]	Command birthday was loaded.
(January 15 2021, 5:57:02 am)	[INFO]	Command description was loaded.
(January 15 2021, 5:57:02 am)	[INFO]	Command profile was loaded.
(January 15 2021, 5:57:02 am)	[INFO]	Event ready was loaded.
(January 15 2021, 5:57:02 am)	[INFO]	Event message was loaded.
(January 15 2021, 5:57:02 am)	[INFO]	Loaded all files.
(January 15 2021, 5:57:03 am)	[INFO]	Mika is ready.
(January 15 2021, 5:57:36 am)	[INFO]	Command afk was loaded.
(January 15 2021, 5:57:36 am)	[INFO]	Command help was loaded.
(January 15 2021, 5:57:36 am)	[INFO]	Command latency was loaded.
(January 15 2021, 5:57:36 am)	[INFO]	Command background was loaded.
(January 15 2021, 5:57:36 am)	[INFO]	Command birthday was loaded.
(January 15 2021, 5:57:36 am)	[INFO]	Command description was loaded.
(January 15 2021, 5:57:36 am)	[INFO]	Command profile was loaded.
(January 15 2021, 5:57:36 am)	[INFO]	Event ready was loaded.
(January 15 2021, 5:57:36 am)	[INFO]	Event message was loaded.
(January 15 2021, 5:57:36 am)	[INFO]	Loaded all files.
(January 15 2021, 5:57:37 am)	[INFO]	Mika is ready.
(January 15 2021, 6:37:53 am)	[INFO]	Command afk was loaded.
(January 15 2021, 6:37:53 am)	[INFO]	Command help was loaded.
(January 15 2021, 6:37:53 am)	[INFO]	Command latency was loaded.
(January 15 2021, 6:37:53 am)	[INFO]	Command background was loaded.
(January 15 2021, 6:37:53 am)	[INFO]	Command birthday was loaded.
(January 15 2021, 6:37:53 am)	[INFO]	Command description was loaded.
(January 15 2021, 6:37:53 am)	[INFO]	Command profile was loaded.
(January 15 2021, 6:37:53 am)	[INFO]	Event ready was loaded.
(January 15 2021, 6:37:53 am)	[INFO]	Event message was loaded.
(January 15 2021, 6:37:53 am)	[INFO]	Loaded all files.
(January 15 2021, 6:37:54 am)	[INFO]	Mika is ready.
(January 15 2021, 6:44:19 am)	[INFO]	Command afk was loaded.
(January 15 2021, 6:44:19 am)	[INFO]	Command help was loaded.
(January 15 2021, 6:44:19 am)	[INFO]	Command latency was loaded.
(January 15 2021, 6:44:19 am)	[INFO]	Command background was loaded.
(January 15 2021, 6:44:19 am)	[INFO]	Command birthday was loaded.
(January 15 2021, 6:44:19 am)	[INFO]	Command description was loaded.
(January 15 2021, 6:44:19 am)	[INFO]	Command profile was loaded.
(January 15 2021, 6:44:19 am)	[INFO]	Event ready was loaded.
(January 15 2021, 6:44:19 am)	[INFO]	Event message was loaded.
(January 15 2021, 6:44:19 am)	[INFO]	Loaded all files.
(January 15 2021, 6:44:20 am)	[INFO]	Mika is ready.
(January 15 2021, 5:16:04 pm)	[INFO]	Command afk was loaded.
(January 15 2021, 5:16:04 pm)	[INFO]	Command help was loaded.
(January 15 2021, 5:16:04 pm)	[INFO]	Command latency was loaded.
(January 15 2021, 5:16:04 pm)	[INFO]	Command background was loaded.
(January 15 2021, 5:16:04 pm)	[INFO]	Command birthday was loaded.
(January 15 2021, 5:16:04 pm)	[INFO]	Command description was loaded.
(January 15 2021, 5:16:04 pm)	[INFO]	Command profile was loaded.
(January 15 2021, 5:16:04 pm)	[INFO]	Event ready was loaded.
(January 15 2021, 5:16:04 pm)	[INFO]	Event message was loaded.
(January 15 2021, 5:16:04 pm)	[INFO]	Loaded all files.
(January 15 2021, 5:16:04 pm)	[INFO]	Mika is ready.
(January 15 2021, 7:12:50 pm)	[INFO]	Command afk was loaded.
(January 15 2021, 7:12:50 pm)	[INFO]	Command help was loaded.
(January 15 2021, 7:12:50 pm)	[INFO]	Command latency was loaded.
(January 15 2021, 7:12:50 pm)	[INFO]	Command background was loaded.
(January 15 2021, 7:12:50 pm)	[INFO]	Command birthday was loaded.
(January 15 2021, 7:12:50 pm)	[INFO]	Command description was loaded.
(January 15 2021, 7:12:50 pm)	[INFO]	Command profile was loaded.
(January 15 2021, 7:12:51 pm)	[INFO]	Event ready was loaded.
(January 15 2021, 7:12:51 pm)	[INFO]	Event message was loaded.
(January 15 2021, 7:12:51 pm)	[INFO]	Loaded all files.
(January 15 2021, 7:12:51 pm)	[INFO]	Mika is ready.
(January 15 2021, 7:25:02 pm)	[INFO]	Command afk was loaded.
(January 15 2021, 7:25:02 pm)	[INFO]	Command help was loaded.
(January 15 2021, 7:25:02 pm)	[INFO]	Command latency was loaded.
(January 15 2021, 7:25:02 pm)	[INFO]	Command background was loaded.
(January 15 2021, 7:25:02 pm)	[INFO]	Command birthday was loaded.
(January 15 2021, 7:25:02 pm)	[INFO]	Command description was loaded.
(January 15 2021, 7:25:02 pm)	[INFO]	Command profile was loaded.
(January 15 2021, 7:25:02 pm)	[INFO]	Command reload was loaded.
(January 15 2021, 7:25:02 pm)	[INFO]	Event ready was loaded.
(January 15 2021, 7:25:02 pm)	[INFO]	Event message was loaded.
(January 15 2021, 7:25:02 pm)	[INFO]	Loaded all files.
(January 15 2021, 7:25:03 pm)	[INFO]	Mika is ready.
(January 15 2021, 7:26:14 pm)	[INFO]	Command afk was loaded.
(January 15 2021, 7:26:14 pm)	[INFO]	Command help was loaded.
(January 15 2021, 7:26:14 pm)	[INFO]	Command latency was loaded.
(January 15 2021, 7:26:14 pm)	[INFO]	Command background was loaded.
(January 15 2021, 7:26:14 pm)	[INFO]	Command birthday was loaded.
(January 15 2021, 7:26:14 pm)	[INFO]	Command description was loaded.
(January 15 2021, 7:26:14 pm)	[INFO]	Command profile was loaded.
(January 15 2021, 7:26:14 pm)	[INFO]	Command reload was loaded.
(January 15 2021, 7:26:14 pm)	[INFO]	Event ready was loaded.
(January 15 2021, 7:26:14 pm)	[INFO]	Event message was loaded.
(January 15 2021, 7:26:14 pm)	[INFO]	Loaded all files.
(January 15 2021, 7:26:14 pm)	[INFO]	Mika is ready.
(January 15 2021, 7:27:52 pm)	[INFO]	Command afk was loaded.
(January 15 2021, 7:27:52 pm)	[INFO]	Command help was loaded.
(January 15 2021, 7:27:52 pm)	[INFO]	Command latency was loaded.
(January 15 2021, 7:27:52 pm)	[INFO]	Command background was loaded.
(January 15 2021, 7:27:52 pm)	[INFO]	Command birthday was loaded.
(January 15 2021, 7:27:52 pm)	[INFO]	Command description was loaded.
(January 15 2021, 7:27:52 pm)	[INFO]	Command profile was loaded.
(January 15 2021, 7:27:52 pm)	[INFO]	Command reload was loaded.
(January 15 2021, 7:27:52 pm)	[INFO]	Event ready was loaded.
(January 15 2021, 7:27:52 pm)	[INFO]	Event message was loaded.
(January 15 2021, 7:27:52 pm)	[INFO]	Loaded all files.
(January 15 2021, 7:27:52 pm)	[INFO]	Mika is ready.
(January 15 2021, 7:28:44 pm)	[INFO]	Command afk was loaded.
(January 15 2021, 7:28:44 pm)	[INFO]	Command help was loaded.
(January 15 2021, 7:28:44 pm)	[INFO]	Command latency was loaded.
(January 15 2021, 7:28:44 pm)	[INFO]	Command background was loaded.
(January 15 2021, 7:28:44 pm)	[INFO]	Command birthday was loaded.
(January 15 2021, 7:28:44 pm)	[INFO]	Command description was loaded.
(January 15 2021, 7:28:44 pm)	[INFO]	Command profile was loaded.
(January 15 2021, 7:28:44 pm)	[INFO]	Command reload was loaded.
(January 15 2021, 7:28:44 pm)	[INFO]	Event ready was loaded.
(January 15 2021, 7:28:44 pm)	[INFO]	Event message was loaded.
(January 15 2021, 7:28:44 pm)	[INFO]	Loaded all files.
(January 15 2021, 7:28:44 pm)	[INFO]	Mika is ready.
(January 15 2021, 7:30:36 pm)	[INFO]	Command afk was loaded.
(January 15 2021, 7:30:36 pm)	[INFO]	Command help was loaded.
(January 15 2021, 7:30:36 pm)	[INFO]	Command latency was loaded.
(January 15 2021, 7:30:36 pm)	[INFO]	Command background was loaded.
(January 15 2021, 7:30:36 pm)	[INFO]	Command birthday was loaded.
(January 15 2021, 7:30:36 pm)	[INFO]	Command description was loaded.
(January 15 2021, 7:30:36 pm)	[INFO]	Command profile was loaded.
(January 15 2021, 7:30:36 pm)	[INFO]	Command reload was loaded.
(January 15 2021, 7:30:36 pm)	[INFO]	Event ready was loaded.
(January 15 2021, 7:30:36 pm)	[INFO]	Event message was loaded.
(January 15 2021, 7:30:36 pm)	[INFO]	Loaded all files.
(January 15 2021, 7:30:37 pm)	[INFO]	Mika is ready.
(January 15 2021, 7:31:18 pm)	[INFO]	Command afk was loaded.
(January 15 2021, 7:31:18 pm)	[INFO]	Command help was loaded.
(January 15 2021, 7:31:18 pm)	[INFO]	Command latency was loaded.
(January 15 2021, 7:31:18 pm)	[INFO]	Command background was loaded.
(January 15 2021, 7:31:18 pm)	[INFO]	Command birthday was loaded.
(January 15 2021, 7:31:18 pm)	[INFO]	Command description was loaded.
(January 15 2021, 7:31:18 pm)	[INFO]	Command profile was loaded.
(January 15 2021, 7:31:18 pm)	[INFO]	Command reload was loaded.
(January 15 2021, 7:31:18 pm)	[INFO]	Event ready was loaded.
(January 15 2021, 7:31:18 pm)	[INFO]	Event message was loaded.
(January 15 2021, 7:31:18 pm)	[INFO]	Loaded all files.
(January 15 2021, 7:31:19 pm)	[INFO]	Mika is ready.
(January 15 2021, 7:32:21 pm)	[INFO]	Command afk was loaded.
(January 15 2021, 7:32:21 pm)	[INFO]	Command help was loaded.
(January 15 2021, 7:32:21 pm)	[INFO]	Command latency was loaded.
(January 15 2021, 7:32:21 pm)	[INFO]	Command background was loaded.
(January 15 2021, 7:32:21 pm)	[INFO]	Command birthday was loaded.
(January 15 2021, 7:32:21 pm)	[INFO]	Command description was loaded.
(January 15 2021, 7:32:21 pm)	[INFO]	Command profile was loaded.
(January 15 2021, 7:32:21 pm)	[INFO]	Command reload was loaded.
(January 15 2021, 7:32:21 pm)	[INFO]	Event ready was loaded.
(January 15 2021, 7:32:21 pm)	[INFO]	Event message was loaded.
(January 15 2021, 7:32:21 pm)	[INFO]	Loaded all files.
(January 15 2021, 7:32:21 pm)	[INFO]	Mika is ready.
(January 15 2021, 7:33:10 pm)	[INFO]	Command afk was loaded.
(January 15 2021, 7:33:10 pm)	[INFO]	Command help was loaded.
(January 15 2021, 7:33:10 pm)	[INFO]	Command latency was loaded.
(January 15 2021, 7:33:10 pm)	[INFO]	Command background was loaded.
(January 15 2021, 7:33:10 pm)	[INFO]	Command birthday was loaded.
(January 15 2021, 7:33:10 pm)	[INFO]	Command description was loaded.
(January 15 2021, 7:33:10 pm)	[INFO]	Command profile was loaded.
(January 15 2021, 7:33:10 pm)	[INFO]	Command reload was loaded.
(January 15 2021, 7:33:10 pm)	[INFO]	Event ready was loaded.
(January 15 2021, 7:33:10 pm)	[INFO]	Event message was loaded.
(January 15 2021, 7:33:10 pm)	[INFO]	Loaded all files.
(January 15 2021, 7:33:10 pm)	[INFO]	Mika is ready.
(January 15 2021, 7:43:01 pm)	[INFO]	Command afk was loaded.
(January 15 2021, 7:43:01 pm)	[INFO]	Command help was loaded.
(January 15 2021, 7:43:01 pm)	[INFO]	Command latency was loaded.
(January 15 2021, 7:43:01 pm)	[INFO]	Command background was loaded.
(January 15 2021, 7:43:01 pm)	[INFO]	Command birthday was loaded.
(January 15 2021, 7:43:01 pm)	[INFO]	Command description was loaded.
(January 15 2021, 7:43:01 pm)	[INFO]	Command profile was loaded.
(January 15 2021, 7:43:01 pm)	[INFO]	Command load was loaded.
(January 15 2021, 7:43:01 pm)	[INFO]	Command reload was loaded.
(January 15 2021, 7:43:01 pm)	[INFO]	Command unload was loaded.
(January 15 2021, 7:43:01 pm)	[INFO]	Event ready was loaded.
(January 15 2021, 7:43:01 pm)	[INFO]	Event message was loaded.
(January 15 2021, 7:43:01 pm)	[INFO]	Loaded all files.
(January 15 2021, 7:43:02 pm)	[INFO]	Mika is ready.
(January 15 2021, 7:43:55 pm)	[INFO]	Command afk was loaded.
(January 15 2021, 7:43:55 pm)	[INFO]	Command help was loaded.
(January 15 2021, 7:43:55 pm)	[INFO]	Command latency was loaded.
(January 15 2021, 7:43:55 pm)	[INFO]	Command background was loaded.
(January 15 2021, 7:43:55 pm)	[INFO]	Command birthday was loaded.
(January 15 2021, 7:43:55 pm)	[INFO]	Command description was loaded.
(January 15 2021, 7:43:55 pm)	[INFO]	Command profile was loaded.
(January 15 2021, 7:43:55 pm)	[INFO]	Command load was loaded.
(January 15 2021, 7:43:55 pm)	[INFO]	Command reload was loaded.
(January 15 2021, 7:43:55 pm)	[INFO]	Command unload was loaded.
(January 15 2021, 7:43:55 pm)	[INFO]	Event ready was loaded.
(January 15 2021, 7:43:55 pm)	[INFO]	Event message was loaded.
(January 15 2021, 7:43:55 pm)	[INFO]	Loaded all files.
(January 15 2021, 7:43:56 pm)	[INFO]	Mika is ready.
(January 15 2021, 8:01:21 pm)	[INFO]	Command afk was loaded.
(January 15 2021, 8:01:21 pm)	[INFO]	Command help was loaded.
(January 15 2021, 8:01:21 pm)	[INFO]	Command latency was loaded.
(January 15 2021, 8:01:21 pm)	[INFO]	Command background was loaded.
(January 15 2021, 8:01:21 pm)	[INFO]	Command birthday was loaded.
(January 15 2021, 8:01:21 pm)	[INFO]	Command description was loaded.
(January 15 2021, 8:01:21 pm)	[INFO]	Command profile was loaded.
(January 15 2021, 8:01:21 pm)	[INFO]	Command load was loaded.
(January 15 2021, 8:01:21 pm)	[INFO]	Command reload was loaded.
(January 15 2021, 8:01:21 pm)	[INFO]	Command unload was loaded.
(January 15 2021, 8:01:35 pm)	[INFO]	Command afk was loaded.
(January 15 2021, 8:01:35 pm)	[INFO]	Command help was loaded.
(January 15 2021, 8:01:35 pm)	[INFO]	Command latency was loaded.
(January 15 2021, 8:01:35 pm)	[INFO]	Command background was loaded.
(January 15 2021, 8:01:35 pm)	[INFO]	Command birthday was loaded.
(January 15 2021, 8:01:35 pm)	[INFO]	Command description was loaded.
(January 15 2021, 8:01:35 pm)	[INFO]	Command profile was loaded.
(January 15 2021, 8:01:35 pm)	[INFO]	Command load was loaded.
(January 15 2021, 8:01:35 pm)	[INFO]	Command reload was loaded.
(January 15 2021, 8:01:35 pm)	[INFO]	Command unload was loaded.
(January 15 2021, 8:01:53 pm)	[INFO]	Command afk was loaded.
(January 15 2021, 8:01:53 pm)	[INFO]	Command help was loaded.
(January 15 2021, 8:01:53 pm)	[INFO]	Command latency was loaded.
(January 15 2021, 8:01:53 pm)	[INFO]	Command background was loaded.
(January 15 2021, 8:01:53 pm)	[INFO]	Command birthday was loaded.
(January 15 2021, 8:01:53 pm)	[INFO]	Command description was loaded.
(January 15 2021, 8:01:53 pm)	[INFO]	Command profile was loaded.
(January 15 2021, 8:01:53 pm)	[INFO]	Command load was loaded.
(January 15 2021, 8:01:53 pm)	[INFO]	Command reload was loaded.
(January 15 2021, 8:01:53 pm)	[INFO]	Command unload was loaded.
(January 15 2021, 8:01:53 pm)	[INFO]	Command balance was loaded.
(January 15 2021, 8:01:53 pm)	[INFO]	Event ready was loaded.
(January 15 2021, 8:01:53 pm)	[INFO]	Event message was loaded.
(January 15 2021, 8:01:53 pm)	[INFO]	Loaded all files.
(January 15 2021, 8:01:55 pm)	[INFO]	Mika is ready.
(January 15 2021, 8:36:56 pm)	[INFO]	Command afk was loaded.
(January 15 2021, 8:36:56 pm)	[INFO]	Command help was loaded.
(January 15 2021, 8:36:56 pm)	[INFO]	Command latency was loaded.
(January 15 2021, 8:36:56 pm)	[INFO]	Command background was loaded.
(January 15 2021, 8:36:56 pm)	[INFO]	Command birthday was loaded.
(January 15 2021, 8:36:56 pm)	[INFO]	Command description was loaded.
(January 15 2021, 8:36:56 pm)	[INFO]	Command profile was loaded.
(January 15 2021, 8:36:56 pm)	[INFO]	Command load was loaded.
(January 15 2021, 8:36:56 pm)	[INFO]	Command reload was loaded.
(January 15 2021, 8:36:56 pm)	[INFO]	Command unload was loaded.
(January 15 2021, 8:36:56 pm)	[INFO]	Command balance was loaded.
(January 15 2021, 8:37:06 pm)	[INFO]	Command afk was loaded.
(January 15 2021, 8:37:07 pm)	[INFO]	Command help was loaded.
(January 15 2021, 8:37:07 pm)	[INFO]	Command latency was loaded.
(January 15 2021, 8:37:07 pm)	[INFO]	Command background was loaded.
(January 15 2021, 8:37:07 pm)	[INFO]	Command birthday was loaded.
(January 15 2021, 8:37:07 pm)	[INFO]	Command description was loaded.
(January 15 2021, 8:37:07 pm)	[INFO]	Command profile was loaded.
(January 15 2021, 8:37:07 pm)	[INFO]	Command load was loaded.
(January 15 2021, 8:37:07 pm)	[INFO]	Command reload was loaded.
(January 15 2021, 8:37:07 pm)	[INFO]	Command unload was loaded.
(January 15 2021, 8:37:07 pm)	[INFO]	Command balance was loaded.
(January 15 2021, 8:37:22 pm)	[INFO]	Command afk was loaded.
(January 15 2021, 8:37:22 pm)	[INFO]	Command help was loaded.
(January 15 2021, 8:37:22 pm)	[INFO]	Command latency was loaded.
(January 15 2021, 8:37:22 pm)	[INFO]	Command background was loaded.
(January 15 2021, 8:37:22 pm)	[INFO]	Command birthday was loaded.
(January 15 2021, 8:37:22 pm)	[INFO]	Command description was loaded.
(January 15 2021, 8:37:22 pm)	[INFO]	Command profile was loaded.
(January 15 2021, 8:37:22 pm)	[INFO]	Command load was loaded.
(January 15 2021, 8:37:22 pm)	[INFO]	Command reload was loaded.
(January 15 2021, 8:37:22 pm)	[INFO]	Command unload was loaded.
(January 15 2021, 8:37:22 pm)	[INFO]	Command balance was loaded.
(January 15 2021, 8:37:22 pm)	[INFO]	Command vote was loaded.
(January 15 2021, 8:37:22 pm)	[INFO]	Event ready was loaded.
(January 15 2021, 8:37:22 pm)	[INFO]	Event message was loaded.
(January 15 2021, 8:37:22 pm)	[INFO]	Loaded all files.
(January 15 2021, 8:37:23 pm)	[INFO]	Mika is ready.
(January 15 2021, 8:37:31 pm)	[INFO]	Command afk was loaded.
(January 15 2021, 8:37:31 pm)	[INFO]	Command help was loaded.
(January 15 2021, 8:37:31 pm)	[INFO]	Command latency was loaded.
(January 15 2021, 8:37:31 pm)	[INFO]	Command background was loaded.
(January 15 2021, 8:37:31 pm)	[INFO]	Command birthday was loaded.
(January 15 2021, 8:37:31 pm)	[INFO]	Command description was loaded.
(January 15 2021, 8:37:31 pm)	[INFO]	Command profile was loaded.
(January 15 2021, 8:37:31 pm)	[INFO]	Command load was loaded.
(January 15 2021, 8:37:31 pm)	[INFO]	Command reload was loaded.
(January 15 2021, 8:37:31 pm)	[INFO]	Command unload was loaded.
(January 15 2021, 8:37:31 pm)	[INFO]	Command balance was loaded.
(January 15 2021, 8:37:31 pm)	[INFO]	Command vote was loaded.
(January 15 2021, 8:37:31 pm)	[INFO]	Event ready was loaded.
(January 15 2021, 8:37:31 pm)	[INFO]	Event message was loaded.
(January 15 2021, 8:37:31 pm)	[INFO]	Loaded all files.
(January 15 2021, 8:37:32 pm)	[INFO]	Mika is ready.
(January 15 2021, 8:38:18 pm)	[INFO]	Command afk was loaded.
(January 15 2021, 8:38:18 pm)	[INFO]	Command help was loaded.
(January 15 2021, 8:38:18 pm)	[INFO]	Command latency was loaded.
(January 15 2021, 8:38:18 pm)	[INFO]	Command background was loaded.
(January 15 2021, 8:38:18 pm)	[INFO]	Command birthday was loaded.
(January 15 2021, 8:38:18 pm)	[INFO]	Command description was loaded.
(January 15 2021, 8:38:18 pm)	[INFO]	Command profile was loaded.
(January 15 2021, 8:38:18 pm)	[INFO]	Command load was loaded.
(January 15 2021, 8:38:18 pm)	[INFO]	Command reload was loaded.
(January 15 2021, 8:38:18 pm)	[INFO]	Command unload was loaded.
(January 15 2021, 8:38:18 pm)	[INFO]	Command balance was loaded.
(January 15 2021, 8:38:18 pm)	[INFO]	Command vote was loaded.
(January 15 2021, 8:38:18 pm)	[INFO]	Event ready was loaded.
(January 15 2021, 8:38:18 pm)	[INFO]	Event message was loaded.
(January 15 2021, 8:38:18 pm)	[INFO]	Loaded all files.
(January 15 2021, 8:38:19 pm)	[INFO]	Mika is ready.
(January 15 2021, 8:40:08 pm)	[INFO]	Command afk was loaded.
(January 15 2021, 8:40:08 pm)	[INFO]	Command help was loaded.
(January 15 2021, 8:40:08 pm)	[INFO]	Command latency was loaded.
(January 15 2021, 8:40:08 pm)	[INFO]	Command background was loaded.
(January 15 2021, 8:40:08 pm)	[INFO]	Command birthday was loaded.
(January 15 2021, 8:40:08 pm)	[INFO]	Command description was loaded.
(January 15 2021, 8:40:08 pm)	[INFO]	Command profile was loaded.
(January 15 2021, 8:40:08 pm)	[INFO]	Command load was loaded.
(January 15 2021, 8:40:08 pm)	[INFO]	Command reload was loaded.
(January 15 2021, 8:40:08 pm)	[INFO]	Command unload was loaded.
(January 15 2021, 8:40:08 pm)	[INFO]	Command balance was loaded.
(January 15 2021, 8:40:08 pm)	[INFO]	Command vote was loaded.
(January 15 2021, 8:40:08 pm)	[INFO]	Event ready was loaded.
(January 15 2021, 8:40:08 pm)	[INFO]	Event message was loaded.
(January 15 2021, 8:40:08 pm)	[INFO]	Loaded all files.
(January 15 2021, 8:40:09 pm)	[INFO]	Mika is ready.
(January 15 2021, 8:40:38 pm)	[INFO]	Command afk was loaded.
(January 15 2021, 8:40:38 pm)	[INFO]	Command help was loaded.
(January 15 2021, 8:40:38 pm)	[INFO]	Command latency was loaded.
(January 15 2021, 8:40:38 pm)	[INFO]	Command background was loaded.
(January 15 2021, 8:40:38 pm)	[INFO]	Command birthday was loaded.
(January 15 2021, 8:40:38 pm)	[INFO]	Command description was loaded.
(January 15 2021, 8:40:39 pm)	[INFO]	Command profile was loaded.
(January 15 2021, 8:40:39 pm)	[INFO]	Command load was loaded.
(January 15 2021, 8:40:39 pm)	[INFO]	Command reload was loaded.
(January 15 2021, 8:40:39 pm)	[INFO]	Command unload was loaded.
(January 15 2021, 8:40:39 pm)	[INFO]	Command balance was loaded.
(January 15 2021, 8:40:39 pm)	[INFO]	Command vote was loaded.
(January 15 2021, 8:40:39 pm)	[INFO]	Event ready was loaded.
(January 15 2021, 8:40:39 pm)	[INFO]	Event message was loaded.
(January 15 2021, 8:40:39 pm)	[INFO]	Loaded all files.
(January 15 2021, 8:40:40 pm)	[INFO]	Mika is ready.
(January 15 2021, 8:44:06 pm)	[INFO]	Command afk was loaded.
(January 15 2021, 8:44:06 pm)	[INFO]	Command help was loaded.
(January 15 2021, 8:44:06 pm)	[INFO]	Command latency was loaded.
(January 15 2021, 8:44:06 pm)	[INFO]	Command background was loaded.
(January 15 2021, 8:44:06 pm)	[INFO]	Command birthday was loaded.
(January 15 2021, 8:44:06 pm)	[INFO]	Command description was loaded.
(January 15 2021, 8:44:08 pm)	[INFO]	Command profile was loaded.
(January 15 2021, 8:44:08 pm)	[INFO]	Command load was loaded.
(January 15 2021, 8:44:08 pm)	[INFO]	Command reload was loaded.
(January 15 2021, 8:44:08 pm)	[INFO]	Command unload was loaded.
(January 15 2021, 8:44:08 pm)	[INFO]	Command balance was loaded.
(January 15 2021, 8:44:08 pm)	[INFO]	Command vote was loaded.
(January 15 2021, 8:44:08 pm)	[INFO]	Event ready was loaded.
(January 15 2021, 8:44:08 pm)	[INFO]	Event message was loaded.
(January 15 2021, 8:44:08 pm)	[INFO]	Loaded all files.
(January 15 2021, 8:44:10 pm)	[INFO]	Mika is ready.
(January 15 2021, 8:56:23 pm)	[INFO]	Command afk was loaded.
(January 15 2021, 8:56:23 pm)	[INFO]	Command help was loaded.
(January 15 2021, 8:56:23 pm)	[INFO]	Command latency was loaded.
(January 15 2021, 8:56:23 pm)	[INFO]	Command background was loaded.
(January 15 2021, 8:56:23 pm)	[INFO]	Command birthday was loaded.
(January 15 2021, 8:56:23 pm)	[INFO]	Command description was loaded.
(January 15 2021, 8:56:23 pm)	[INFO]	Command profile was loaded.
(January 15 2021, 8:56:23 pm)	[INFO]	Command load was loaded.
(January 15 2021, 8:56:23 pm)	[INFO]	Command reload was loaded.
(January 15 2021, 8:56:23 pm)	[INFO]	Command unload was loaded.
(January 15 2021, 8:56:23 pm)	[INFO]	Command balance was loaded.
(January 15 2021, 8:56:23 pm)	[INFO]	Command vote was loaded.
(January 15 2021, 8:56:23 pm)	[INFO]	Event ready was loaded.
(January 15 2021, 8:56:23 pm)	[INFO]	Event message was loaded.
(January 15 2021, 8:56:23 pm)	[INFO]	Loaded all files.
(January 15 2021, 8:56:24 pm)	[INFO]	Mika is ready.
(January 15 2021, 8:57:52 pm)	[INFO]	Command afk was loaded.
(January 15 2021, 8:57:52 pm)	[INFO]	Command help was loaded.
(January 15 2021, 8:57:52 pm)	[INFO]	Command latency was loaded.
(January 15 2021, 8:57:52 pm)	[INFO]	Command background was loaded.
(January 15 2021, 8:57:52 pm)	[INFO]	Command birthday was loaded.
(January 15 2021, 8:57:52 pm)	[INFO]	Command description was loaded.
(January 15 2021, 8:57:52 pm)	[INFO]	Command profile was loaded.
(January 15 2021, 8:57:52 pm)	[INFO]	Command load was loaded.
(January 15 2021, 8:57:52 pm)	[INFO]	Command reload was loaded.
(January 15 2021, 8:57:52 pm)	[INFO]	Command unload was loaded.
(January 15 2021, 8:57:52 pm)	[INFO]	Command balance was loaded.
(January 15 2021, 8:57:52 pm)	[INFO]	Command vote was loaded.
(January 15 2021, 8:57:52 pm)	[INFO]	Event ready was loaded.
(January 15 2021, 8:57:52 pm)	[INFO]	Event message was loaded.
(January 15 2021, 8:57:52 pm)	[INFO]	Loaded all files.
(January 15 2021, 8:57:53 pm)	[INFO]	Mika is ready.
(January 15 2021, 9:00:45 pm)	[INFO]	Command afk was loaded.
(January 15 2021, 9:00:45 pm)	[INFO]	Command help was loaded.
(January 15 2021, 9:00:45 pm)	[INFO]	Command latency was loaded.
(January 15 2021, 9:00:45 pm)	[INFO]	Command background was loaded.
(January 15 2021, 9:00:45 pm)	[INFO]	Command birthday was loaded.
(January 15 2021, 9:00:45 pm)	[INFO]	Command description was loaded.
(January 15 2021, 9:00:45 pm)	[INFO]	Command profile was loaded.
(January 15 2021, 9:00:45 pm)	[INFO]	Command load was loaded.
(January 15 2021, 9:00:45 pm)	[INFO]	Command reload was loaded.
(January 15 2021, 9:00:45 pm)	[INFO]	Command unload was loaded.
(January 15 2021, 9:00:45 pm)	[INFO]	Command balance was loaded.
(January 15 2021, 9:00:45 pm)	[INFO]	Command vote was loaded.
(January 15 2021, 9:00:45 pm)	[INFO]	Event ready was loaded.
(January 15 2021, 9:00:45 pm)	[INFO]	Event message was loaded.
(January 15 2021, 9:00:45 pm)	[INFO]	Loaded all files.
(January 15 2021, 9:00:46 pm)	[INFO]	Mika is ready.
(January 15 2021, 9:04:31 pm)	[INFO]	Command afk was loaded.
(January 15 2021, 9:04:31 pm)	[INFO]	Command help was loaded.
(January 15 2021, 9:04:31 pm)	[INFO]	Command latency was loaded.
(January 15 2021, 9:04:31 pm)	[INFO]	Command background was loaded.
(January 15 2021, 9:04:31 pm)	[INFO]	Command birthday was loaded.
(January 15 2021, 9:04:31 pm)	[INFO]	Command description was loaded.
(January 15 2021, 9:04:31 pm)	[INFO]	Command profile was loaded.
(January 15 2021, 9:04:31 pm)	[INFO]	Command load was loaded.
(January 15 2021, 9:04:31 pm)	[INFO]	Command reload was loaded.
(January 15 2021, 9:04:31 pm)	[INFO]	Command unload was loaded.
(January 15 2021, 9:04:31 pm)	[INFO]	Command balance was loaded.
(January 15 2021, 9:04:31 pm)	[INFO]	Command vote was loaded.
(January 15 2021, 9:04:31 pm)	[INFO]	Event ready was loaded.
(January 15 2021, 9:04:31 pm)	[INFO]	Event message was loaded.
(January 15 2021, 9:04:31 pm)	[INFO]	Loaded all files.
(January 15 2021, 9:04:32 pm)	[INFO]	Mika is ready.
(January 15 2021, 9:14:56 pm)	[INFO]	Command afk was loaded.
(January 15 2021, 9:14:56 pm)	[INFO]	Command help was loaded.
(January 15 2021, 9:14:56 pm)	[INFO]	Command latency was loaded.
(January 15 2021, 9:14:56 pm)	[INFO]	Command background was loaded.
(January 15 2021, 9:14:56 pm)	[INFO]	Command birthday was loaded.
(January 15 2021, 9:14:56 pm)	[INFO]	Command description was loaded.
(January 15 2021, 9:14:56 pm)	[INFO]	Command profile was loaded.
(January 15 2021, 9:14:56 pm)	[INFO]	Command load was loaded.
(January 15 2021, 9:14:56 pm)	[INFO]	Command reload was loaded.
(January 15 2021, 9:14:56 pm)	[INFO]	Command unload was loaded.
(January 15 2021, 9:14:56 pm)	[INFO]	Command balance was loaded.
(January 15 2021, 9:14:56 pm)	[INFO]	Command vote was loaded.
(January 15 2021, 9:14:56 pm)	[INFO]	Event ready was loaded.
(January 15 2021, 9:14:56 pm)	[INFO]	Event message was loaded.
(January 15 2021, 9:14:56 pm)	[INFO]	Loaded all files.
(January 15 2021, 9:14:57 pm)	[INFO]	Mika is ready.
(January 15 2021, 9:45:37 pm)	[INFO]	Command afk was loaded.
(January 15 2021, 9:45:37 pm)	[INFO]	Command help was loaded.
(January 15 2021, 9:45:37 pm)	[INFO]	Command latency was loaded.
(January 15 2021, 9:45:37 pm)	[INFO]	Command background was loaded.
(January 15 2021, 9:45:37 pm)	[INFO]	Command birthday was loaded.
(January 15 2021, 9:45:37 pm)	[INFO]	Command description was loaded.
(January 15 2021, 9:45:38 pm)	[INFO]	Command profile was loaded.
(January 15 2021, 9:45:38 pm)	[INFO]	Command load was loaded.
(January 15 2021, 9:45:38 pm)	[INFO]	Command reload was loaded.
(January 15 2021, 9:45:38 pm)	[INFO]	Command unload was loaded.
(January 15 2021, 9:45:38 pm)	[INFO]	Command balance was loaded.
(January 15 2021, 9:45:38 pm)	[INFO]	Command vote was loaded.
(January 15 2021, 9:45:38 pm)	[INFO]	Event ready was loaded.
(January 15 2021, 9:45:38 pm)	[INFO]	Event message was loaded.
(January 15 2021, 9:45:38 pm)	[INFO]	Loaded all files.
(January 15 2021, 9:45:39 pm)	[INFO]	Mika is ready.
(January 15 2021, 9:47:07 pm)	[INFO]	Command afk was loaded.
(January 15 2021, 9:47:07 pm)	[INFO]	Command help was loaded.
(January 15 2021, 9:47:07 pm)	[INFO]	Command latency was loaded.
(January 15 2021, 9:47:07 pm)	[INFO]	Command background was loaded.
(January 15 2021, 9:47:07 pm)	[INFO]	Command birthday was loaded.
(January 15 2021, 9:47:07 pm)	[INFO]	Command description was loaded.
(January 15 2021, 9:47:08 pm)	[INFO]	Command profile was loaded.
(January 15 2021, 9:47:08 pm)	[INFO]	Command load was loaded.
(January 15 2021, 9:47:08 pm)	[INFO]	Command reload was loaded.
(January 15 2021, 9:47:08 pm)	[INFO]	Command unload was loaded.
(January 15 2021, 9:47:08 pm)	[INFO]	Command balance was loaded.
(January 15 2021, 9:47:08 pm)	[INFO]	Command vote was loaded.
(January 15 2021, 9:47:08 pm)	[INFO]	Event ready was loaded.
(January 15 2021, 9:47:08 pm)	[INFO]	Event message was loaded.
(January 15 2021, 9:47:08 pm)	[INFO]	Loaded all files.
(January 15 2021, 9:47:19 pm)	[INFO]	Command afk was loaded.
(January 15 2021, 9:47:19 pm)	[INFO]	Command help was loaded.
(January 15 2021, 9:47:19 pm)	[INFO]	Command latency was loaded.
(January 15 2021, 9:47:19 pm)	[INFO]	Command background was loaded.
(January 15 2021, 9:47:19 pm)	[INFO]	Command birthday was loaded.
(January 15 2021, 9:47:19 pm)	[INFO]	Command description was loaded.
(January 15 2021, 9:47:19 pm)	[INFO]	Command profile was loaded.
(January 15 2021, 9:47:19 pm)	[INFO]	Command load was loaded.
(January 15 2021, 9:47:19 pm)	[INFO]	Command reload was loaded.
(January 15 2021, 9:47:19 pm)	[INFO]	Command unload was loaded.
(January 15 2021, 9:47:19 pm)	[INFO]	Command balance was loaded.
(January 15 2021, 9:47:19 pm)	[INFO]	Command vote was loaded.
(January 15 2021, 9:47:19 pm)	[INFO]	Event ready was loaded.
(January 15 2021, 9:47:19 pm)	[INFO]	Event message was loaded.
(January 15 2021, 9:47:19 pm)	[INFO]	Loaded all files.
(January 15 2021, 9:47:20 pm)	[INFO]	Mika is ready.
(January 15 2021, 9:47:59 pm)	[INFO]	Command afk was loaded.
(January 15 2021, 9:47:59 pm)	[INFO]	Command help was loaded.
(January 15 2021, 9:47:59 pm)	[INFO]	Command latency was loaded.
(January 15 2021, 9:47:59 pm)	[INFO]	Command background was loaded.
(January 15 2021, 9:48:00 pm)	[INFO]	Command birthday was loaded.
(January 15 2021, 9:48:00 pm)	[INFO]	Command description was loaded.
(January 15 2021, 9:48:00 pm)	[INFO]	Command profile was loaded.
(January 15 2021, 9:48:00 pm)	[INFO]	Command load was loaded.
(January 15 2021, 9:48:00 pm)	[INFO]	Command reload was loaded.
(January 15 2021, 9:48:00 pm)	[INFO]	Command unload was loaded.
(January 15 2021, 9:48:00 pm)	[INFO]	Command balance was loaded.
(January 15 2021, 9:48:00 pm)	[INFO]	Command vote was loaded.
(January 15 2021, 9:48:00 pm)	[INFO]	Event ready was loaded.
(January 15 2021, 9:48:00 pm)	[INFO]	Event message was loaded.
(January 15 2021, 9:48:00 pm)	[INFO]	Loaded all files.
(January 15 2021, 9:48:00 pm)	[INFO]	Mika is ready.
(January 15 2021, 9:49:19 pm)	[INFO]	Command afk was loaded.
(January 15 2021, 9:49:19 pm)	[INFO]	Command help was loaded.
(January 15 2021, 9:49:19 pm)	[INFO]	Command latency was loaded.
(January 15 2021, 9:49:19 pm)	[INFO]	Command background was loaded.
(January 15 2021, 9:49:19 pm)	[INFO]	Command birthday was loaded.
(January 15 2021, 9:49:19 pm)	[INFO]	Command description was loaded.
(January 15 2021, 9:49:19 pm)	[INFO]	Command profile was loaded.
(January 15 2021, 9:49:19 pm)	[INFO]	Command load was loaded.
(January 15 2021, 9:49:19 pm)	[INFO]	Command reload was loaded.
(January 15 2021, 9:49:19 pm)	[INFO]	Command unload was loaded.
(January 15 2021, 9:49:19 pm)	[INFO]	Command balance was loaded.
(January 15 2021, 9:49:19 pm)	[INFO]	Command vote was loaded.
(January 15 2021, 9:49:19 pm)	[INFO]	Event ready was loaded.
(January 15 2021, 9:49:19 pm)	[INFO]	Event message was loaded.
(January 15 2021, 9:49:19 pm)	[INFO]	Loaded all files.
(January 15 2021, 9:49:20 pm)	[INFO]	Mika is ready.
(January 15 2021, 9:49:58 pm)	[INFO]	Command afk was loaded.
(January 15 2021, 9:49:58 pm)	[INFO]	Command help was loaded.
(January 15 2021, 9:49:58 pm)	[INFO]	Command latency was loaded.
(January 15 2021, 9:49:58 pm)	[INFO]	Command background was loaded.
(January 15 2021, 9:49:58 pm)	[INFO]	Command birthday was loaded.
(January 15 2021, 9:49:58 pm)	[INFO]	Command description was loaded.
(January 15 2021, 9:49:59 pm)	[INFO]	Command profile was loaded.
(January 15 2021, 9:49:59 pm)	[INFO]	Command load was loaded.
(January 15 2021, 9:49:59 pm)	[INFO]	Command reload was loaded.
(January 15 2021, 9:49:59 pm)	[INFO]	Command unload was loaded.
(January 15 2021, 9:49:59 pm)	[INFO]	Command balance was loaded.
(January 15 2021, 9:49:59 pm)	[INFO]	Command vote was loaded.
(January 15 2021, 9:49:59 pm)	[INFO]	Event ready was loaded.
(January 15 2021, 9:49:59 pm)	[INFO]	Event message was loaded.
(January 15 2021, 9:49:59 pm)	[INFO]	Loaded all files.
(January 15 2021, 9:49:59 pm)	[INFO]	Mika is ready.
(January 15 2021, 9:51:26 pm)	[INFO]	Command afk was loaded.
(January 15 2021, 9:51:26 pm)	[INFO]	Command help was loaded.
(January 15 2021, 9:51:26 pm)	[INFO]	Command latency was loaded.
(January 15 2021, 9:51:26 pm)	[INFO]	Command background was loaded.
(January 15 2021, 9:51:26 pm)	[INFO]	Command birthday was loaded.
(January 15 2021, 9:51:26 pm)	[INFO]	Command description was loaded.
(January 15 2021, 9:51:26 pm)	[INFO]	Command profile was loaded.
(January 15 2021, 9:51:26 pm)	[INFO]	Command load was loaded.
(January 15 2021, 9:51:26 pm)	[INFO]	Command reload was loaded.
(January 15 2021, 9:51:26 pm)	[INFO]	Command unload was loaded.
(January 15 2021, 9:51:26 pm)	[INFO]	Command balance was loaded.
(January 15 2021, 9:51:26 pm)	[INFO]	Command vote was loaded.
(January 15 2021, 9:51:26 pm)	[INFO]	Event ready was loaded.
(January 15 2021, 9:51:26 pm)	[INFO]	Event message was loaded.
(January 15 2021, 9:51:26 pm)	[INFO]	Loaded all files.
(January 15 2021, 9:51:27 pm)	[INFO]	Mika is ready.
(January 15 2021, 9:52:24 pm)	[INFO]	Command afk was loaded.
(January 15 2021, 9:52:24 pm)	[INFO]	Command help was loaded.
(January 15 2021, 9:52:24 pm)	[INFO]	Command latency was loaded.
(January 15 2021, 9:52:24 pm)	[INFO]	Command background was loaded.
(January 15 2021, 9:52:24 pm)	[INFO]	Command birthday was loaded.
(January 15 2021, 9:52:24 pm)	[INFO]	Command description was loaded.
(January 15 2021, 9:52:24 pm)	[INFO]	Command profile was loaded.
(January 15 2021, 9:52:24 pm)	[INFO]	Command load was loaded.
(January 15 2021, 9:52:24 pm)	[INFO]	Command reload was loaded.
(January 15 2021, 9:52:24 pm)	[INFO]	Command unload was loaded.
(January 15 2021, 9:52:24 pm)	[INFO]	Command balance was loaded.
(January 15 2021, 9:52:24 pm)	[INFO]	Command vote was loaded.
(January 15 2021, 9:52:24 pm)	[INFO]	Event ready was loaded.
(January 15 2021, 9:52:24 pm)	[INFO]	Event message was loaded.
(January 15 2021, 9:52:24 pm)	[INFO]	Loaded all files.
(January 15 2021, 9:52:25 pm)	[INFO]	Mika is ready.
(January 15 2021, 9:52:50 pm)	[INFO]	Command afk was loaded.
(January 15 2021, 9:52:50 pm)	[INFO]	Command help was loaded.
(January 15 2021, 9:52:50 pm)	[INFO]	Command latency was loaded.
(January 15 2021, 9:52:50 pm)	[INFO]	Command background was loaded.
(January 15 2021, 9:52:50 pm)	[INFO]	Command birthday was loaded.
(January 15 2021, 9:52:50 pm)	[INFO]	Command description was loaded.
(January 15 2021, 9:52:50 pm)	[INFO]	Command profile was loaded.
(January 15 2021, 9:52:50 pm)	[INFO]	Command load was loaded.
(January 15 2021, 9:52:50 pm)	[INFO]	Command reload was loaded.
(January 15 2021, 9:52:50 pm)	[INFO]	Command unload was loaded.
(January 15 2021, 9:52:50 pm)	[INFO]	Command balance was loaded.
(January 15 2021, 9:52:50 pm)	[INFO]	Command vote was loaded.
(January 15 2021, 9:52:50 pm)	[INFO]	Event ready was loaded.
(January 15 2021, 9:52:50 pm)	[INFO]	Event message was loaded.
(January 15 2021, 9:52:50 pm)	[INFO]	Loaded all files.
(January 15 2021, 9:52:51 pm)	[INFO]	Mika is ready.
(January 15 2021, 9:53:58 pm)	[INFO]	Command afk was loaded.
(January 15 2021, 9:53:59 pm)	[INFO]	Command help was loaded.
(January 15 2021, 9:53:59 pm)	[INFO]	Command latency was loaded.
(January 15 2021, 9:53:59 pm)	[INFO]	Command background was loaded.
(January 15 2021, 9:53:59 pm)	[INFO]	Command birthday was loaded.
(January 15 2021, 9:53:59 pm)	[INFO]	Command description was loaded.
(January 15 2021, 9:53:59 pm)	[INFO]	Command profile was loaded.
(January 15 2021, 9:53:59 pm)	[INFO]	Command load was loaded.
(January 15 2021, 9:53:59 pm)	[INFO]	Command reload was loaded.
(January 15 2021, 9:53:59 pm)	[INFO]	Command unload was loaded.
(January 15 2021, 9:53:59 pm)	[INFO]	Command balance was loaded.
(January 15 2021, 9:53:59 pm)	[INFO]	Command vote was loaded.
(January 15 2021, 9:53:59 pm)	[INFO]	Event ready was loaded.
(January 15 2021, 9:53:59 pm)	[INFO]	Event message was loaded.
(January 15 2021, 9:53:59 pm)	[INFO]	Loaded all files.
(January 15 2021, 9:54:00 pm)	[INFO]	Mika is ready.
(January 15 2021, 9:54:16 pm)	[INFO]	Command afk was loaded.
(January 15 2021, 9:54:16 pm)	[INFO]	Command help was loaded.
(January 15 2021, 9:54:16 pm)	[INFO]	Command latency was loaded.
(January 15 2021, 9:54:16 pm)	[INFO]	Command background was loaded.
(January 15 2021, 9:54:16 pm)	[INFO]	Command birthday was loaded.
(January 15 2021, 9:54:16 pm)	[INFO]	Command description was loaded.
(January 15 2021, 9:54:16 pm)	[INFO]	Command profile was loaded.
(January 15 2021, 9:54:16 pm)	[INFO]	Command load was loaded.
(January 15 2021, 9:54:16 pm)	[INFO]	Command reload was loaded.
(January 15 2021, 9:54:16 pm)	[INFO]	Command unload was loaded.
(January 15 2021, 9:54:16 pm)	[INFO]	Command balance was loaded.
(January 15 2021, 9:54:16 pm)	[INFO]	Command vote was loaded.
(January 15 2021, 9:54:16 pm)	[INFO]	Event ready was loaded.
(January 15 2021, 9:54:16 pm)	[INFO]	Event message was loaded.
(January 15 2021, 9:54:16 pm)	[INFO]	Loaded all files.
(January 15 2021, 9:54:17 pm)	[INFO]	Mika is ready.
(January 15 2021, 9:54:35 pm)	[INFO]	Command afk was loaded.
(January 15 2021, 9:54:35 pm)	[INFO]	Command help was loaded.
(January 15 2021, 9:54:35 pm)	[INFO]	Command latency was loaded.
(January 15 2021, 9:54:35 pm)	[INFO]	Command background was loaded.
(January 15 2021, 9:54:35 pm)	[INFO]	Command birthday was loaded.
(January 15 2021, 9:54:35 pm)	[INFO]	Command description was loaded.
(January 15 2021, 9:54:35 pm)	[INFO]	Command profile was loaded.
(January 15 2021, 9:54:35 pm)	[INFO]	Command load was loaded.
(January 15 2021, 9:54:35 pm)	[INFO]	Command reload was loaded.
(January 15 2021, 9:54:35 pm)	[INFO]	Command unload was loaded.
(January 15 2021, 9:54:35 pm)	[INFO]	Command balance was loaded.
(January 15 2021, 9:54:35 pm)	[INFO]	Command vote was loaded.
(January 15 2021, 9:54:35 pm)	[INFO]	Event ready was loaded.
(January 15 2021, 9:54:36 pm)	[INFO]	Event message was loaded.
(January 15 2021, 9:54:36 pm)	[INFO]	Loaded all files.
(January 15 2021, 9:54:36 pm)	[INFO]	Mika is ready.
(January 15 2021, 9:56:49 pm)	[INFO]	Command afk was loaded.
(January 15 2021, 9:56:49 pm)	[INFO]	Command help was loaded.
(January 15 2021, 9:56:49 pm)	[INFO]	Command latency was loaded.
(January 15 2021, 9:56:49 pm)	[INFO]	Command background was loaded.
(January 15 2021, 9:56:49 pm)	[INFO]	Command birthday was loaded.
(January 15 2021, 9:56:49 pm)	[INFO]	Command description was loaded.
(January 15 2021, 9:56:49 pm)	[INFO]	Command profile was loaded.
(January 15 2021, 9:56:49 pm)	[INFO]	Command load was loaded.
(January 15 2021, 9:56:49 pm)	[INFO]	Command reload was loaded.
(January 15 2021, 9:56:49 pm)	[INFO]	Command unload was loaded.
(January 15 2021, 9:56:50 pm)	[INFO]	Command balance was loaded.
(January 15 2021, 9:56:50 pm)	[INFO]	Command vote was loaded.
(January 15 2021, 9:56:50 pm)	[INFO]	Event ready was loaded.
(January 15 2021, 9:56:50 pm)	[INFO]	Event message was loaded.
(January 15 2021, 9:56:50 pm)	[INFO]	Loaded all files.
(January 15 2021, 9:56:50 pm)	[INFO]	Mika is ready.
(January 15 2021, 9:57:33 pm)	[INFO]	Command afk was loaded.
(January 15 2021, 9:57:33 pm)	[INFO]	Command help was loaded.
(January 15 2021, 9:57:33 pm)	[INFO]	Command latency was loaded.
(January 15 2021, 9:57:33 pm)	[INFO]	Command background was loaded.
(January 15 2021, 9:57:33 pm)	[INFO]	Command birthday was loaded.
(January 15 2021, 9:57:33 pm)	[INFO]	Command description was loaded.
(January 15 2021, 9:57:34 pm)	[INFO]	Command profile was loaded.
(January 15 2021, 9:57:34 pm)	[INFO]	Command load was loaded.
(January 15 2021, 9:57:34 pm)	[INFO]	Command reload was loaded.
(January 15 2021, 9:57:34 pm)	[INFO]	Command unload was loaded.
(January 15 2021, 9:57:34 pm)	[INFO]	Command balance was loaded.
(January 15 2021, 9:57:34 pm)	[INFO]	Command vote was loaded.
(January 15 2021, 9:57:34 pm)	[INFO]	Event ready was loaded.
(January 15 2021, 9:57:34 pm)	[INFO]	Event message was loaded.
(January 15 2021, 9:57:34 pm)	[INFO]	Loaded all files.
(January 15 2021, 9:57:34 pm)	[INFO]	Mika is ready.
(January 15 2021, 9:58:12 pm)	[INFO]	Command afk was loaded.
(January 15 2021, 9:58:12 pm)	[INFO]	Command help was loaded.
(January 15 2021, 9:58:12 pm)	[INFO]	Command latency was loaded.
(January 15 2021, 9:58:12 pm)	[INFO]	Command background was loaded.
(January 15 2021, 9:58:12 pm)	[INFO]	Command birthday was loaded.
(January 15 2021, 9:58:12 pm)	[INFO]	Command description was loaded.
(January 15 2021, 9:58:12 pm)	[INFO]	Command profile was loaded.
(January 15 2021, 9:58:12 pm)	[INFO]	Command load was loaded.
(January 15 2021, 9:58:12 pm)	[INFO]	Command reload was loaded.
(January 15 2021, 9:58:12 pm)	[INFO]	Command unload was loaded.
(January 15 2021, 9:58:12 pm)	[INFO]	Command balance was loaded.
(January 15 2021, 9:58:12 pm)	[INFO]	Command vote was loaded.
(January 15 2021, 9:58:12 pm)	[INFO]	Event ready was loaded.
(January 15 2021, 9:58:12 pm)	[INFO]	Event message was loaded.
(January 15 2021, 9:58:12 pm)	[INFO]	Loaded all files.
(January 15 2021, 9:58:13 pm)	[INFO]	Mika is ready.
(January 15 2021, 9:59:17 pm)	[INFO]	Command afk was loaded.
(January 15 2021, 9:59:17 pm)	[INFO]	Command help was loaded.
(January 15 2021, 9:59:17 pm)	[INFO]	Command latency was loaded.
(January 15 2021, 9:59:24 pm)	[INFO]	Command afk was loaded.
(January 15 2021, 9:59:24 pm)	[INFO]	Command help was loaded.
(January 15 2021, 9:59:24 pm)	[INFO]	Command latency was loaded.
(January 15 2021, 9:59:24 pm)	[INFO]	Command background was loaded.
(January 15 2021, 9:59:24 pm)	[INFO]	Command birthday was loaded.
(January 15 2021, 9:59:24 pm)	[INFO]	Command description was loaded.
(January 15 2021, 9:59:24 pm)	[INFO]	Command profile was loaded.
(January 15 2021, 9:59:24 pm)	[INFO]	Command load was loaded.
(January 15 2021, 9:59:24 pm)	[INFO]	Command reload was loaded.
(January 15 2021, 9:59:24 pm)	[INFO]	Command unload was loaded.
(January 15 2021, 9:59:24 pm)	[INFO]	Command balance was loaded.
(January 15 2021, 9:59:24 pm)	[INFO]	Command vote was loaded.
(January 15 2021, 9:59:24 pm)	[INFO]	Event ready was loaded.
(January 15 2021, 9:59:24 pm)	[INFO]	Event message was loaded.
(January 15 2021, 9:59:24 pm)	[INFO]	Loaded all files.
(January 15 2021, 9:59:25 pm)	[INFO]	Mika is ready.
(January 15 2021, 9:59:56 pm)	[INFO]	Command afk was loaded.
(January 15 2021, 9:59:56 pm)	[INFO]	Command help was loaded.
(January 15 2021, 9:59:56 pm)	[INFO]	Command latency was loaded.
(January 15 2021, 9:59:56 pm)	[INFO]	Command background was loaded.
(January 15 2021, 9:59:56 pm)	[INFO]	Command birthday was loaded.
(January 15 2021, 9:59:56 pm)	[INFO]	Command description was loaded.
(January 15 2021, 9:59:56 pm)	[INFO]	Command profile was loaded.
(January 15 2021, 9:59:56 pm)	[INFO]	Command load was loaded.
(January 15 2021, 9:59:56 pm)	[INFO]	Command reload was loaded.
(January 15 2021, 9:59:56 pm)	[INFO]	Command unload was loaded.
(January 15 2021, 9:59:56 pm)	[INFO]	Command balance was loaded.
(January 15 2021, 9:59:56 pm)	[INFO]	Command vote was loaded.
(January 15 2021, 9:59:56 pm)	[INFO]	Event ready was loaded.
(January 15 2021, 9:59:56 pm)	[INFO]	Event message was loaded.
(January 15 2021, 9:59:56 pm)	[INFO]	Loaded all files.
(January 15 2021, 9:59:57 pm)	[INFO]	Mika is ready.