                                                ____                 _ __          
                                               /  _/__  ___ ________(_) /  ___ ____
                                              _/ // _ \(_-</ __/ __/ / _ \/ -_) __/
                                             /___/_//_/___/\__/_/ /_/_.__/\__/_/   
                                          -------------------------------------------
-----------------------------------------|INFO LOG FILE OF 2021-02-13T16:46:01-08:00|------------------------------------------------
                                          -------------------------------------------
(February 13 2021, 4:46:01 pm)	[INFO]	Command afk was loaded.
(February 13 2021, 4:46:01 pm)	[INFO]	Command help was loaded.
(February 13 2021, 4:46:01 pm)	[INFO]	Command latency was loaded.
(February 13 2021, 4:46:40 pm)	[INFO]	Command afk was loaded.
(February 13 2021, 4:46:40 pm)	[INFO]	Command help was loaded.
(February 13 2021, 4:46:40 pm)	[INFO]	Command latency was loaded.
(February 13 2021, 4:47:00 pm)	[INFO]	Command afk was loaded.
(February 13 2021, 4:47:00 pm)	[INFO]	Command help was loaded.
(February 13 2021, 4:47:00 pm)	[INFO]	Command latency was loaded.
(February 13 2021, 4:47:00 pm)	[INFO]	Command background was loaded.
(February 13 2021, 4:47:00 pm)	[INFO]	Command birthday was loaded.
(February 13 2021, 4:47:00 pm)	[INFO]	Command description was loaded.
(February 13 2021, 4:47:01 pm)	[INFO]	Command profile was loaded.
(February 13 2021, 4:47:01 pm)	[INFO]	Command load was loaded.
(February 13 2021, 4:47:01 pm)	[INFO]	Command reload was loaded.
(February 13 2021, 4:47:01 pm)	[INFO]	Command unload was loaded.
(February 13 2021, 4:47:01 pm)	[INFO]	Command balance was loaded.
(February 13 2021, 4:47:01 pm)	[INFO]	Command daily was loaded.
(February 13 2021, 4:47:01 pm)	[INFO]	Command vote was loaded.
(February 13 2021, 4:47:01 pm)	[INFO]	Command blacklist was loaded.
(February 13 2021, 4:47:01 pm)	[INFO]	Event ready was loaded.
(February 13 2021, 4:47:01 pm)	[INFO]	Event undefined was loaded.
(February 13 2021, 4:47:01 pm)	[INFO]	Event message was loaded.
(February 13 2021, 4:47:01 pm)	[INFO]	Loaded all files.
(February 13 2021, 4:47:02 pm)	[INFO]	Mika is ready.