                                                ____                 _ __          
                                               /  _/__  ___ ________(_) /  ___ ____
                                              _/ // _ \(_-</ __/ __/ / _ \/ -_) __/
                                             /___/_//_/___/\__/_/ /_/_.__/\__/_/   
                                          -------------------------------------------
-----------------------------------------|INFO LOG FILE OF 2021-01-19T01:13:43+00:00|------------------------------------------------
                                          -------------------------------------------
(January 19 2021, 1:13:43 am)	[INFO]	Command afk was loaded.
(January 19 2021, 1:13:43 am)	[INFO]	Command help was loaded.
(January 19 2021, 1:13:43 am)	[INFO]	Command latency was loaded.
(January 19 2021, 1:13:43 am)	[INFO]	Command background was loaded.
(January 19 2021, 1:13:43 am)	[INFO]	Command birthday was loaded.
(January 19 2021, 1:13:43 am)	[INFO]	Command description was loaded.
(January 19 2021, 1:13:43 am)	[INFO]	Command profile was loaded.
(January 19 2021, 1:13:43 am)	[INFO]	Command load was loaded.
(January 19 2021, 1:13:43 am)	[INFO]	Command reload was loaded.
(January 19 2021, 1:13:43 am)	[INFO]	Command unload was loaded.
(January 19 2021, 1:13:43 am)	[INFO]	Command balance was loaded.
(January 19 2021, 1:13:43 am)	[INFO]	Command daily was loaded.
(January 19 2021, 1:13:43 am)	[INFO]	Command vote was loaded.
(January 19 2021, 1:13:43 am)	[INFO]	Event ready was loaded.
(January 19 2021, 1:13:43 am)	[INFO]	Event message was loaded.
(January 19 2021, 1:13:43 am)	[INFO]	Loaded all files.
(January 19 2021, 1:13:44 am)	[INFO]	Mika is ready.
(January 19 2021, 1:48:42 am)	[INFO]	Command afk was loaded.
(January 19 2021, 1:48:42 am)	[INFO]	Command help was loaded.
(January 19 2021, 1:48:42 am)	[INFO]	Command latency was loaded.
(January 19 2021, 1:48:42 am)	[INFO]	Command background was loaded.
(January 19 2021, 1:48:42 am)	[INFO]	Command birthday was loaded.
(January 19 2021, 1:48:42 am)	[INFO]	Command description was loaded.
(January 19 2021, 1:48:43 am)	[INFO]	Command profile was loaded.
(January 19 2021, 1:48:43 am)	[INFO]	Command load was loaded.
(January 19 2021, 1:48:43 am)	[INFO]	Command reload was loaded.
(January 19 2021, 1:48:43 am)	[INFO]	Command unload was loaded.
(January 19 2021, 1:48:43 am)	[INFO]	Command balance was loaded.
(January 19 2021, 1:48:43 am)	[INFO]	Command daily was loaded.
(January 19 2021, 1:48:43 am)	[INFO]	Command vote was loaded.
(January 19 2021, 1:48:43 am)	[INFO]	Event ready was loaded.
(January 19 2021, 1:48:43 am)	[INFO]	Event message was loaded.
(January 19 2021, 1:48:43 am)	[INFO]	Loaded all files.
(January 19 2021, 1:48:43 am)	[INFO]	Mika is ready.
(January 19 2021, 1:48:59 am)	[INFO]	Command afk was loaded.
(January 19 2021, 1:48:59 am)	[INFO]	Command help was loaded.
(January 19 2021, 1:48:59 am)	[INFO]	Command latency was loaded.
(January 19 2021, 1:48:59 am)	[INFO]	Command background was loaded.
(January 19 2021, 1:48:59 am)	[INFO]	Command birthday was loaded.
(January 19 2021, 1:49:00 am)	[INFO]	Command description was loaded.
(January 19 2021, 1:49:00 am)	[INFO]	Command profile was loaded.
(January 19 2021, 1:49:00 am)	[INFO]	Command load was loaded.
(January 19 2021, 1:49:00 am)	[INFO]	Command reload was loaded.
(January 19 2021, 1:49:00 am)	[INFO]	Command unload was loaded.
(January 19 2021, 1:49:00 am)	[INFO]	Command balance was loaded.
(January 19 2021, 1:49:00 am)	[INFO]	Command daily was loaded.
(January 19 2021, 1:49:00 am)	[INFO]	Command vote was loaded.
(January 19 2021, 1:49:00 am)	[INFO]	Event ready was loaded.
(January 19 2021, 1:49:00 am)	[INFO]	Event message was loaded.
(January 19 2021, 1:49:00 am)	[INFO]	Loaded all files.
(January 19 2021, 1:49:00 am)	[INFO]	Mika is ready.
(January 19 2021, 1:56:29 am)	[INFO]	Command afk was loaded.
(January 19 2021, 1:56:29 am)	[INFO]	Command help was loaded.
(January 19 2021, 1:56:29 am)	[INFO]	Command latency was loaded.
(January 19 2021, 1:56:29 am)	[INFO]	Command background was loaded.
(January 19 2021, 1:56:29 am)	[INFO]	Command birthday was loaded.
(January 19 2021, 1:56:29 am)	[INFO]	Command description was loaded.
(January 19 2021, 1:56:29 am)	[INFO]	Command profile was loaded.
(January 19 2021, 1:56:29 am)	[INFO]	Command load was loaded.
(January 19 2021, 1:56:29 am)	[INFO]	Command reload was loaded.
(January 19 2021, 1:56:29 am)	[INFO]	Command unload was loaded.
(January 19 2021, 1:56:29 am)	[INFO]	Command balance was loaded.
(January 19 2021, 1:56:29 am)	[INFO]	Command daily was loaded.
(January 19 2021, 1:56:29 am)	[INFO]	Command vote was loaded.
(January 19 2021, 1:56:29 am)	[INFO]	Event ready was loaded.
(January 19 2021, 1:56:29 am)	[INFO]	Event message was loaded.
(January 19 2021, 1:56:29 am)	[INFO]	Loaded all files.
(January 19 2021, 1:56:30 am)	[INFO]	Mika is ready.
(January 19 2021, 4:10:01 am)	[INFO]	Command afk was loaded.
(January 19 2021, 4:10:01 am)	[INFO]	Command help was loaded.
(January 19 2021, 4:10:01 am)	[INFO]	Command latency was loaded.
(January 19 2021, 4:10:01 am)	[INFO]	Command background was loaded.
(January 19 2021, 4:10:01 am)	[INFO]	Command birthday was loaded.
(January 19 2021, 4:10:01 am)	[INFO]	Command description was loaded.
(January 19 2021, 4:10:01 am)	[INFO]	Command profile was loaded.
(January 19 2021, 4:10:01 am)	[INFO]	Command load was loaded.
(January 19 2021, 4:10:01 am)	[INFO]	Command reload was loaded.
(January 19 2021, 4:10:01 am)	[INFO]	Command unload was loaded.
(January 19 2021, 4:10:01 am)	[INFO]	Command balance was loaded.
(January 19 2021, 4:10:01 am)	[INFO]	Command daily was loaded.
(January 19 2021, 4:10:01 am)	[INFO]	Command vote was loaded.
(January 19 2021, 4:10:01 am)	[INFO]	Event ready was loaded.
(January 19 2021, 4:10:01 am)	[INFO]	Event message was loaded.
(January 19 2021, 4:10:01 am)	[INFO]	Loaded all files.
(January 19 2021, 4:10:02 am)	[INFO]	Mika is ready.
(January 19 2021, 4:10:43 am)	[INFO]	Command afk was loaded.
(January 19 2021, 4:10:43 am)	[INFO]	Command help was loaded.
(January 19 2021, 4:10:43 am)	[INFO]	Command latency was loaded.
(January 19 2021, 4:10:43 am)	[INFO]	Command background was loaded.
(January 19 2021, 4:10:43 am)	[INFO]	Command birthday was loaded.
(January 19 2021, 4:10:43 am)	[INFO]	Command description was loaded.
(January 19 2021, 4:10:43 am)	[INFO]	Command profile was loaded.
(January 19 2021, 4:10:43 am)	[INFO]	Command load was loaded.
(January 19 2021, 4:10:43 am)	[INFO]	Command reload was loaded.
(January 19 2021, 4:10:43 am)	[INFO]	Command unload was loaded.
(January 19 2021, 4:10:43 am)	[INFO]	Command balance was loaded.
(January 19 2021, 4:10:43 am)	[INFO]	Command daily was loaded.
(January 19 2021, 4:10:43 am)	[INFO]	Command vote was loaded.
(January 19 2021, 4:10:43 am)	[INFO]	Event ready was loaded.
(January 19 2021, 4:10:43 am)	[INFO]	Event message was loaded.
(January 19 2021, 4:10:43 am)	[INFO]	Loaded all files.
(January 19 2021, 4:10:44 am)	[INFO]	Mika is ready.
(January 19 2021, 4:11:23 am)	[INFO]	Command afk was loaded.
(January 19 2021, 4:11:23 am)	[INFO]	Command help was loaded.
(January 19 2021, 4:11:23 am)	[INFO]	Command latency was loaded.
(January 19 2021, 4:11:23 am)	[INFO]	Command background was loaded.
(January 19 2021, 4:11:23 am)	[INFO]	Command birthday was loaded.
(January 19 2021, 4:11:23 am)	[INFO]	Command description was loaded.
(January 19 2021, 4:11:23 am)	[INFO]	Command profile was loaded.
(January 19 2021, 4:11:23 am)	[INFO]	Command load was loaded.
(January 19 2021, 4:11:23 am)	[INFO]	Command reload was loaded.
(January 19 2021, 4:11:23 am)	[INFO]	Command unload was loaded.
(January 19 2021, 4:11:23 am)	[INFO]	Command balance was loaded.
(January 19 2021, 4:11:23 am)	[INFO]	Command daily was loaded.
(January 19 2021, 4:11:23 am)	[INFO]	Command vote was loaded.
(January 19 2021, 4:11:23 am)	[INFO]	Event ready was loaded.
(January 19 2021, 4:11:23 am)	[INFO]	Event message was loaded.
(January 19 2021, 4:11:23 am)	[INFO]	Loaded all files.
(January 19 2021, 4:11:24 am)	[INFO]	Mika is ready.
(January 19 2021, 4:11:48 am)	[INFO]	Command afk was loaded.
(January 19 2021, 4:11:48 am)	[INFO]	Command help was loaded.
(January 19 2021, 4:11:48 am)	[INFO]	Command latency was loaded.
(January 19 2021, 4:11:48 am)	[INFO]	Command background was loaded.
(January 19 2021, 4:11:48 am)	[INFO]	Command birthday was loaded.
(January 19 2021, 4:11:48 am)	[INFO]	Command description was loaded.
(January 19 2021, 4:11:48 am)	[INFO]	Command profile was loaded.
(January 19 2021, 4:11:48 am)	[INFO]	Command load was loaded.
(January 19 2021, 4:11:48 am)	[INFO]	Command reload was loaded.
(January 19 2021, 4:11:48 am)	[INFO]	Command unload was loaded.
(January 19 2021, 4:11:48 am)	[INFO]	Command balance was loaded.
(January 19 2021, 4:11:48 am)	[INFO]	Command daily was loaded.
(January 19 2021, 4:11:48 am)	[INFO]	Command vote was loaded.
(January 19 2021, 4:11:48 am)	[INFO]	Event ready was loaded.
(January 19 2021, 4:11:48 am)	[INFO]	Event message was loaded.
(January 19 2021, 4:11:48 am)	[INFO]	Loaded all files.
(January 19 2021, 4:11:49 am)	[INFO]	Mika is ready.
(January 19 2021, 4:14:23 am)	[INFO]	Command afk was loaded.
(January 19 2021, 4:14:23 am)	[INFO]	Command help was loaded.
(January 19 2021, 4:14:23 am)	[INFO]	Command latency was loaded.
(January 19 2021, 4:14:23 am)	[INFO]	Command background was loaded.
(January 19 2021, 4:14:23 am)	[INFO]	Command birthday was loaded.
(January 19 2021, 4:14:23 am)	[INFO]	Command description was loaded.
(January 19 2021, 4:14:23 am)	[INFO]	Command profile was loaded.
(January 19 2021, 4:14:23 am)	[INFO]	Command load was loaded.
(January 19 2021, 4:14:23 am)	[INFO]	Command reload was loaded.
(January 19 2021, 4:14:23 am)	[INFO]	Command unload was loaded.
(January 19 2021, 4:14:23 am)	[INFO]	Command balance was loaded.
(January 19 2021, 4:14:23 am)	[INFO]	Command daily was loaded.
(January 19 2021, 4:14:23 am)	[INFO]	Command vote was loaded.
(January 19 2021, 4:14:23 am)	[INFO]	Event ready was loaded.
(January 19 2021, 4:14:23 am)	[INFO]	Event message was loaded.
(January 19 2021, 4:14:23 am)	[INFO]	Loaded all files.
(January 19 2021, 4:14:23 am)	[INFO]	Mika is ready.
(January 19 2021, 4:15:15 am)	[INFO]	Command afk was loaded.
(January 19 2021, 4:15:15 am)	[INFO]	Command help was loaded.
(January 19 2021, 4:15:15 am)	[INFO]	Command latency was loaded.
(January 19 2021, 4:15:15 am)	[INFO]	Command background was loaded.
(January 19 2021, 4:15:15 am)	[INFO]	Command birthday was loaded.
(January 19 2021, 4:15:15 am)	[INFO]	Command description was loaded.
(January 19 2021, 4:15:15 am)	[INFO]	Command profile was loaded.
(January 19 2021, 4:15:15 am)	[INFO]	Command load was loaded.
(January 19 2021, 4:15:15 am)	[INFO]	Command reload was loaded.
(January 19 2021, 4:15:15 am)	[INFO]	Command unload was loaded.
(January 19 2021, 4:15:15 am)	[INFO]	Command balance was loaded.
(January 19 2021, 4:15:15 am)	[INFO]	Command daily was loaded.
(January 19 2021, 4:15:15 am)	[INFO]	Command vote was loaded.
(January 19 2021, 4:15:15 am)	[INFO]	Event ready was loaded.
(January 19 2021, 4:15:15 am)	[INFO]	Event message was loaded.
(January 19 2021, 4:15:15 am)	[INFO]	Loaded all files.
(January 19 2021, 4:15:16 am)	[INFO]	Mika is ready.
(January 19 2021, 4:21:08 am)	[INFO]	Command afk was loaded.
(January 19 2021, 4:21:08 am)	[INFO]	Command help was loaded.
(January 19 2021, 4:21:08 am)	[INFO]	Command latency was loaded.
(January 19 2021, 4:21:08 am)	[INFO]	Command background was loaded.
(January 19 2021, 4:21:08 am)	[INFO]	Command birthday was loaded.
(January 19 2021, 4:21:08 am)	[INFO]	Command description was loaded.
(January 19 2021, 4:21:08 am)	[INFO]	Command profile was loaded.
(January 19 2021, 4:21:08 am)	[INFO]	Command load was loaded.
(January 19 2021, 4:21:08 am)	[INFO]	Command reload was loaded.
(January 19 2021, 4:21:08 am)	[INFO]	Command unload was loaded.
(January 19 2021, 4:21:08 am)	[INFO]	Command balance was loaded.
(January 19 2021, 4:21:08 am)	[INFO]	Command daily was loaded.
(January 19 2021, 4:21:08 am)	[INFO]	Command vote was loaded.
(January 19 2021, 4:21:08 am)	[INFO]	Event ready was loaded.
(January 19 2021, 4:21:08 am)	[INFO]	Event message was loaded.
(January 19 2021, 4:21:08 am)	[INFO]	Loaded all files.
(January 19 2021, 4:21:09 am)	[INFO]	Mika is ready.