                                                ____                 _ __          
                                               /  _/__  ___ ________(_) /  ___ ____
                                              _/ // _ \(_-</ __/ __/ / _ \/ -_) __/
                                             /___/_//_/___/\__/_/ /_/_.__/\__/_/   
                                          -------------------------------------------
-----------------------------------------|INFO LOG FILE OF 2021-02-11T21:49:50+00:00|------------------------------------------------
                                          -------------------------------------------
(February 11 2021, 9:49:50 pm)	[INFO]	Command afk was loaded.
(February 11 2021, 9:49:50 pm)	[INFO]	Command help was loaded.
(February 11 2021, 9:49:50 pm)	[INFO]	Command latency was loaded.
(February 11 2021, 9:49:50 pm)	[INFO]	Command background was loaded.
(February 11 2021, 9:49:50 pm)	[INFO]	Command birthday was loaded.
(February 11 2021, 9:49:50 pm)	[INFO]	Command description was loaded.
(February 11 2021, 9:49:50 pm)	[INFO]	Command profile was loaded.
(February 11 2021, 9:49:50 pm)	[INFO]	Command load was loaded.
(February 11 2021, 9:49:50 pm)	[INFO]	Command reload was loaded.
(February 11 2021, 9:49:50 pm)	[INFO]	Command unload was loaded.
(February 11 2021, 9:49:50 pm)	[INFO]	Command balance was loaded.
(February 11 2021, 9:49:50 pm)	[INFO]	Command daily was loaded.
(February 11 2021, 9:49:50 pm)	[INFO]	Command vote was loaded.
(February 11 2021, 9:49:50 pm)	[INFO]	Command blacklist was loaded.
(February 11 2021, 9:49:50 pm)	[INFO]	Event ready was loaded.
(February 11 2021, 9:49:50 pm)	[INFO]	Event undefined was loaded.
(February 11 2021, 9:49:50 pm)	[INFO]	Event message was loaded.
(February 11 2021, 9:49:50 pm)	[INFO]	Loaded all files.
(February 11 2021, 9:49:51 pm)	[INFO]	Mika is ready.